This is XeTeX, Version 3.14159265-2.6-0.99999 (TeX Live 2018) (preloaded format=xelatex 2018.5.18)  14 AUG 2020 17:13
entering extended mode
 restricted \write18 enabled.
 %&-line parsing enabled.
**bookdown-demo.tex
(./bookdown-demo.tex
LaTeX2e <2018-04-01> patch level 4
(/usr/local/texlive/2018/texmf-dist/tex/latex/base/book.cls
Document Class: book 2014/09/29 v1.4h Standard LaTeX document class
(/usr/local/texlive/2018/texmf-dist/tex/latex/base/bk10.clo
File: bk10.clo 2014/09/29 v1.4h Standard LaTeX file (size option)
)
\c@part=\count80
\c@chapter=\count81
\c@section=\count82
\c@subsection=\count83
\c@subsubsection=\count84
\c@paragraph=\count85
\c@subparagraph=\count86
\c@figure=\count87
\c@table=\count88
\abovecaptionskip=\skip41
\belowcaptionskip=\skip42
\bibindent=\dimen102
) (/usr/local/texlive/2018/texmf-dist/tex/latex/lm/lmodern.sty
Package: lmodern 2009/10/30 v1.6 Latin Modern Fonts
LaTeX Font Info:    Overwriting symbol font `operators' in version `normal'
(Font)                  OT1/cmr/m/n --> OT1/lmr/m/n on input line 22.
LaTeX Font Info:    Overwriting symbol font `letters' in version `normal'
(Font)                  OML/cmm/m/it --> OML/lmm/m/it on input line 23.
LaTeX Font Info:    Overwriting symbol font `symbols' in version `normal'
(Font)                  OMS/cmsy/m/n --> OMS/lmsy/m/n on input line 24.
LaTeX Font Info:    Overwriting symbol font `largesymbols' in version `normal'
(Font)                  OMX/cmex/m/n --> OMX/lmex/m/n on input line 25.
LaTeX Font Info:    Overwriting symbol font `operators' in version `bold'
(Font)                  OT1/cmr/bx/n --> OT1/lmr/bx/n on input line 26.
LaTeX Font Info:    Overwriting symbol font `letters' in version `bold'
(Font)                  OML/cmm/b/it --> OML/lmm/b/it on input line 27.
LaTeX Font Info:    Overwriting symbol font `symbols' in version `bold'
(Font)                  OMS/cmsy/b/n --> OMS/lmsy/b/n on input line 28.
LaTeX Font Info:    Overwriting symbol font `largesymbols' in version `bold'
(Font)                  OMX/cmex/m/n --> OMX/lmex/m/n on input line 29.
LaTeX Font Info:    Overwriting math alphabet `\mathbf' in version `normal'
(Font)                  OT1/cmr/bx/n --> OT1/lmr/bx/n on input line 31.
LaTeX Font Info:    Overwriting math alphabet `\mathsf' in version `normal'
(Font)                  OT1/cmss/m/n --> OT1/lmss/m/n on input line 32.
LaTeX Font Info:    Overwriting math alphabet `\mathit' in version `normal'
(Font)                  OT1/cmr/m/it --> OT1/lmr/m/it on input line 33.
LaTeX Font Info:    Overwriting math alphabet `\mathtt' in version `normal'
(Font)                  OT1/cmtt/m/n --> OT1/lmtt/m/n on input line 34.
LaTeX Font Info:    Overwriting math alphabet `\mathbf' in version `bold'
(Font)                  OT1/cmr/bx/n --> OT1/lmr/bx/n on input line 35.
LaTeX Font Info:    Overwriting math alphabet `\mathsf' in version `bold'
(Font)                  OT1/cmss/bx/n --> OT1/lmss/bx/n on input line 36.
LaTeX Font Info:    Overwriting math alphabet `\mathit' in version `bold'
(Font)                  OT1/cmr/bx/it --> OT1/lmr/bx/it on input line 37.
LaTeX Font Info:    Overwriting math alphabet `\mathtt' in version `bold'
(Font)                  OT1/cmtt/m/n --> OT1/lmtt/m/n on input line 38.
) (/usr/local/texlive/2018/texmf-dist/tex/latex/amsfonts/amssymb.sty
Package: amssymb 2013/01/14 v3.01 AMS font symbols
(/usr/local/texlive/2018/texmf-dist/tex/latex/amsfonts/amsfonts.sty
Package: amsfonts 2013/01/14 v3.01 Basic AMSFonts support
\@emptytoks=\toks14
\symAMSa=\mathgroup4
\symAMSb=\mathgroup5
LaTeX Font Info:    Overwriting math alphabet `\mathfrak' in version `bold'
(Font)                  U/euf/m/n --> U/euf/b/n on input line 106.
)) (/usr/local/texlive/2018/texmf-dist/tex/latex/amsmath/amsmath.sty
Package: amsmath 2017/09/02 v2.17a AMS math features
\@mathmargin=\skip43
For additional information on amsmath, use the `?' option.
(/usr/local/texlive/2018/texmf-dist/tex/latex/amsmath/amstext.sty
Package: amstext 2000/06/29 v2.01 AMS text
(/usr/local/texlive/2018/texmf-dist/tex/latex/amsmath/amsgen.sty
File: amsgen.sty 1999/11/30 v2.0 generic functions
\@emptytoks=\toks15
\ex@=\dimen103
)) (/usr/local/texlive/2018/texmf-dist/tex/latex/amsmath/amsbsy.sty
Package: amsbsy 1999/11/29 v1.2d Bold Symbols
\pmbraise@=\dimen104
) (/usr/local/texlive/2018/texmf-dist/tex/latex/amsmath/amsopn.sty
Package: amsopn 2016/03/08 v2.02 operator names
)
\inf@bad=\count89
LaTeX Info: Redefining \frac on input line 213.
\uproot@=\count90
\leftroot@=\count91
LaTeX Info: Redefining \overline on input line 375.
\classnum@=\count92
\DOTSCASE@=\count93
LaTeX Info: Redefining \ldots on input line 472.
LaTeX Info: Redefining \dots on input line 475.
LaTeX Info: Redefining \cdots on input line 596.
\Mathstrutbox@=\box26
\strutbox@=\box27
\big@size=\dimen105
LaTeX Font Info:    Redeclaring font encoding OML on input line 712.
LaTeX Font Info:    Redeclaring font encoding OMS on input line 713.
\macc@depth=\count94
\c@MaxMatrixCols=\count95
\dotsspace@=\muskip10
\c@parentequation=\count96
\dspbrk@lvl=\count97
\tag@help=\toks16
\row@=\count98
\column@=\count99
\maxfields@=\count100
\andhelp@=\toks17
\eqnshift@=\dimen106
\alignsep@=\dimen107
\tagshift@=\dimen108
\tagwidth@=\dimen109
\totwidth@=\dimen110
\lineht@=\dimen111
\@envbody=\toks18
\multlinegap=\skip44
\multlinetaggap=\skip45
\mathdisplay@stack=\toks19
LaTeX Info: Redefining \[ on input line 2817.
LaTeX Info: Redefining \] on input line 2818.
) (/usr/local/texlive/2018/texmf-dist/tex/generic/ifxetex/ifxetex.sty
Package: ifxetex 2010/09/12 v0.6 Provides ifxetex conditional
) (/usr/local/texlive/2018/texmf-dist/tex/generic/oberdiek/ifluatex.sty
Package: ifluatex 2016/05/16 v1.4 Provides the ifluatex switch (HO)
Package ifluatex Info: LuaTeX not detected.
) (/usr/local/texlive/2018/texmf-dist/tex/latex/unicode-math/unicode-math.sty (
/usr/local/texlive/2018/texmf-dist/tex/latex/l3kernel/expl3.sty
Package: expl3 2018-05-13 L3 programming layer (loader) 
(/usr/local/texlive/2018/texmf-dist/tex/latex/l3kernel/expl3-code.tex
Package: expl3 2018-05-13 L3 programming layer (code)
\c_max_int=\count101
\l_tmpa_int=\count102
\l_tmpb_int=\count103
\g_tmpa_int=\count104
\g_tmpb_int=\count105
\g__kernel_prg_map_int=\count106
\c_log_iow=\count107
\l_iow_line_count_int=\count108
\l__iow_line_target_int=\count109
\l__iow_one_indent_int=\count110
\l__iow_indent_int=\count111
\c_zero_dim=\dimen112
\c_max_dim=\dimen113
\l_tmpa_dim=\dimen114
\l_tmpb_dim=\dimen115
\g_tmpa_dim=\dimen116
\g_tmpb_dim=\dimen117
\c_zero_skip=\skip46
\c_max_skip=\skip47
\l_tmpa_skip=\skip48
\l_tmpb_skip=\skip49
\g_tmpa_skip=\skip50
\g_tmpb_skip=\skip51
\c_zero_muskip=\muskip11
\c_max_muskip=\muskip12
\l_tmpa_muskip=\muskip13
\l_tmpb_muskip=\muskip14
\g_tmpa_muskip=\muskip15
\g_tmpb_muskip=\muskip16
\l_keys_choice_int=\count112
\l__intarray_loop_int=\count113
\c__intarray_sp_dim=\dimen118
\g__intarray_font_int=\count114
\c__fp_leading_shift_int=\count115
\c__fp_middle_shift_int=\count116
\c__fp_trailing_shift_int=\count117
\c__fp_big_leading_shift_int=\count118
\c__fp_big_middle_shift_int=\count119
\c__fp_big_trailing_shift_int=\count120
\c__fp_Bigg_leading_shift_int=\count121
\c__fp_Bigg_middle_shift_int=\count122
\c__fp_Bigg_trailing_shift_int=\count123
\g__fp_array_int=\count124
\l__fp_array_loop_int=\count125
\l__sort_length_int=\count126
\l__sort_min_int=\count127
\l__sort_top_int=\count128
\l__sort_max_int=\count129
\l__sort_true_max_int=\count130
\l__sort_block_int=\count131
\l__sort_begin_int=\count132
\l__sort_end_int=\count133
\l__sort_A_int=\count134
\l__sort_B_int=\count135
\l__sort_C_int=\count136
\l__tl_analysis_normal_int=\count137
\l__tl_analysis_index_int=\count138
\l__tl_analysis_nesting_int=\count139
\l__tl_analysis_type_int=\count140
\l__regex_internal_a_int=\count141
\l__regex_internal_b_int=\count142
\l__regex_internal_c_int=\count143
\l__regex_balance_int=\count144
\l__regex_group_level_int=\count145
\l__regex_mode_int=\count146
\c__regex_cs_in_class_mode_int=\count147
\c__regex_cs_mode_int=\count148
\l__regex_catcodes_int=\count149
\l__regex_default_catcodes_int=\count150
\c__regex_catcode_L_int=\count151
\c__regex_catcode_O_int=\count152
\c__regex_catcode_A_int=\count153
\c__regex_all_catcodes_int=\count154
\l__regex_show_lines_int=\count155
\l__regex_min_state_int=\count156
\l__regex_max_state_int=\count157
\l__regex_left_state_int=\count158
\l__regex_right_state_int=\count159
\l__regex_capturing_group_int=\count160
\l__regex_min_pos_int=\count161
\l__regex_max_pos_int=\count162
\l__regex_curr_pos_int=\count163
\l__regex_start_pos_int=\count164
\l__regex_success_pos_int=\count165
\l__regex_curr_char_int=\count166
\l__regex_curr_catcode_int=\count167
\l__regex_last_char_int=\count168
\l__regex_case_changed_char_int=\count169
\l__regex_curr_state_int=\count170
\l__regex_step_int=\count171
\l__regex_min_active_int=\count172
\l__regex_max_active_int=\count173
\l__regex_replacement_csnames_int=\count174
\l__regex_match_count_int=\count175
\l__regex_min_submatch_int=\count176
\l__regex_submatch_int=\count177
\l__regex_zeroth_submatch_int=\count178
\g__regex_trace_regex_int=\count179
\c_empty_box=\box28
\l_tmpa_box=\box29
\l_tmpb_box=\box30
\g_tmpa_box=\box31
\g_tmpb_box=\box32
\l__box_top_dim=\dimen119
\l__box_bottom_dim=\dimen120
\l__box_left_dim=\dimen121
\l__box_right_dim=\dimen122
\l__box_top_new_dim=\dimen123
\l__box_bottom_new_dim=\dimen124
\l__box_left_new_dim=\dimen125
\l__box_right_new_dim=\dimen126
\l__box_internal_box=\box33
\l__coffin_internal_box=\box34
\l__coffin_internal_dim=\dimen127
\l__coffin_offset_x_dim=\dimen128
\l__coffin_offset_y_dim=\dimen129
\l__coffin_x_dim=\dimen130
\l__coffin_y_dim=\dimen131
\l__coffin_x_prime_dim=\dimen132
\l__coffin_y_prime_dim=\dimen133
\c_empty_coffin=\box35
\l__coffin_aligned_coffin=\box36
\l__coffin_aligned_internal_coffin=\box37
\l_tmpa_coffin=\box38
\l_tmpb_coffin=\box39
\l__coffin_display_coffin=\box40
\l__coffin_display_coord_coffin=\box41
\l__coffin_display_pole_coffin=\box42
\l__coffin_display_offset_dim=\dimen134
\l__coffin_display_x_dim=\dimen135
\l__coffin_display_y_dim=\dimen136
\g__file_internal_ior=\read1
\l__coffin_bounding_shift_dim=\dimen137
\l__coffin_left_corner_dim=\dimen138
\l__coffin_right_corner_dim=\dimen139
\l__coffin_bottom_corner_dim=\dimen140
\l__coffin_top_corner_dim=\dimen141
\l__coffin_scaled_total_height_dim=\dimen142
\l__coffin_scaled_width_dim=\dimen143
) (/usr/local/texlive/2018/texmf-dist/tex/latex/l3kernel/l3xdvipdfmx.def
File: l3xdvidpfmx.def 2018-05-13 v L3 Experimental driver: xdvipdfmx
\g__driver_image_int=\count180
))
Package: unicode-math 2018/02/02 vv0.8l Unicode maths in XeLaTeX and LuaLaTeX

(/usr/local/texlive/2018/texmf-dist/tex/latex/unicode-math/unicode-math-xetex.s
ty
Package: unicode-math-xetex 2018/02/02 vv0.8l Unicode maths in XeLaTeX and LuaL
aTeX
(/usr/local/texlive/2018/texmf-dist/tex/latex/l3packages/xparse/xparse.sty
Package: xparse 2018-05-12 L3 Experimental document command parser
\l__xparse_current_arg_int=\count181
\g__xparse_grabber_int=\count182
\l__xparse_m_args_int=\count183
\l__xparse_mandatory_args_int=\count184
\l__xparse_v_nesting_int=\count185
) (/usr/local/texlive/2018/texmf-dist/tex/latex/l3packages/l3keys2e/l3keys2e.st
y
Package: l3keys2e 2018-05-12 LaTeX2e option processing using LaTeX3 keys
) (/usr/local/texlive/2018/texmf-dist/tex/latex/fontspec/fontspec.sty
Package: fontspec 2017/11/09 v2.6g Font selection for XeLaTeX and LuaLaTeX
(/usr/local/texlive/2018/texmf-dist/tex/latex/fontspec/fontspec-xetex.sty
Package: fontspec-xetex 2017/11/09 v2.6g Font selection for XeLaTeX and LuaLaTe
X
\l__fontspec_script_int=\count186
\l__fontspec_language_int=\count187
\l__fontspec_strnum_int=\count188
\l__fontspec_tmp_int=\count189
\l__fontspec_em_int=\count190
\l__fontspec_emdef_int=\count191
\l__fontspec_strong_int=\count192
\l__fontspec_strongdef_int=\count193
\l__fontspec_tmpa_dim=\dimen144
\l__fontspec_tmpb_dim=\dimen145
\l__fontspec_tmpc_dim=\dimen146
(/usr/local/texlive/2018/texmf-dist/tex/latex/base/fontenc.sty
Package: fontenc 2017/04/05 v2.0i Standard LaTeX package
(/usr/local/texlive/2018/texmf-dist/tex/latex/base/tuenc.def
File: tuenc.def 2017/04/05 v2.0i Standard LaTeX file
LaTeX Font Info:    Redeclaring font encoding TU on input line 82.
))
.................................................
. LaTeX info: "xparse/define-command"
. 
. Defining command \fontspec with sig. 'O{}mO{}' on line 542.
.................................................
.................................................
. LaTeX info: "xparse/define-command"
. 
. Defining command \setmainfont with sig. 'O{}mO{}' on line 546.
.................................................
.................................................
. LaTeX info: "xparse/define-command"
. 
. Defining command \setsansfont with sig. 'O{}mO{}' on line 550.
.................................................
.................................................
. LaTeX info: "xparse/define-command"
. 
. Defining command \setmonofont with sig. 'O{}mO{}' on line 554.
.................................................
.................................................
. LaTeX info: "xparse/define-command"
. 
. Defining command \setmathrm with sig. 'O{}mO{}' on line 558.
.................................................
.................................................
. LaTeX info: "xparse/define-command"
. 
. Defining command \setboldmathrm with sig. 'O{}mO{}' on line 562.
.................................................
.................................................
. LaTeX info: "xparse/define-command"
. 
. Defining command \setmathsf with sig. 'O{}mO{}' on line 566.
.................................................
.................................................
. LaTeX info: "xparse/define-command"
. 
. Defining command \setmathtt with sig. 'O{}mO{}' on line 570.
.................................................
.................................................
. LaTeX info: "xparse/define-command"
. 
. Defining command \setromanfont with sig. 'O{}mO{}' on line 574.
.................................................
.................................................
. LaTeX info: "xparse/define-command"
. 
. Defining command \newfontfamily with sig. 'mO{}mO{}' on line 578.
.................................................
.................................................
. LaTeX info: "xparse/define-command"
. 
. Defining command \newfontface with sig. 'mO{}mO{}' on line 582.
.................................................
.................................................
. LaTeX info: "xparse/define-command"
. 
. Defining command \defaultfontfeatures with sig. 't+om' on line 586.
.................................................
.................................................
. LaTeX info: "xparse/define-command"
. 
. Defining command \addfontfeatures with sig. 'm' on line 590.
.................................................
.................................................
. LaTeX info: "xparse/define-command"
. 
. Defining command \addfontfeature with sig. 'm' on line 594.
.................................................
.................................................
. LaTeX info: "xparse/define-command"
. 
. Defining command \newfontfeature with sig. 'mm' on line 598.
.................................................
.................................................
. LaTeX info: "xparse/define-command"
. 
. Defining command \newAATfeature with sig. 'mmmm' on line 602.
.................................................
.................................................
. LaTeX info: "xparse/define-command"
. 
. Defining command \newopentypefeature with sig. 'mmm' on line 606.
.................................................
.................................................
. LaTeX info: "xparse/define-command"
. 
. Defining command \newICUfeature with sig. 'mmm' on line 610.
.................................................
.................................................
. LaTeX info: "xparse/define-command"
. 
. Defining command \aliasfontfeature with sig. 'mm' on line 614.
.................................................
.................................................
. LaTeX info: "xparse/define-command"
. 
. Defining command \aliasfontfeatureoption with sig. 'mmm' on line 618.
.................................................
.................................................
. LaTeX info: "xparse/define-command"
. 
. Defining command \newfontscript with sig. 'mm' on line 622.
.................................................
.................................................
. LaTeX info: "xparse/define-command"
. 
. Defining command \newfontlanguage with sig. 'mm' on line 626.
.................................................
.................................................
. LaTeX info: "xparse/define-command"
. 
. Defining command \DeclareFontsExtensions with sig. 'm' on line 630.
.................................................
.................................................
. LaTeX info: "xparse/define-command"
. 
. Defining command \IfFontFeatureActiveTF with sig. 'mmm' on line 634.
.................................................
.................................................
. LaTeX info: "xparse/define-command"
. 
. Defining command \EncodingCommand with sig. 'mO{}m' on line 3632.
.................................................
.................................................
. LaTeX info: "xparse/define-command"
. 
. Defining command \EncodingAccent with sig. 'mm' on line 3638.
.................................................
.................................................
. LaTeX info: "xparse/define-command"
. 
. Defining command \EncodingSymbol with sig. 'mm' on line 3644.
.................................................
.................................................
. LaTeX info: "xparse/define-command"
. 
. Defining command \EncodingComposite with sig. 'mmm' on line 3650.
.................................................
.................................................
. LaTeX info: "xparse/define-command"
. 
. Defining command \EncodingCompositeCommand with sig. 'mmm' on line 3656.
.................................................
.................................................
. LaTeX info: "xparse/define-command"
. 
. Defining command \DeclareUnicodeEncoding with sig. 'mm' on line 3681.
.................................................
.................................................
. LaTeX info: "xparse/define-command"
. 
. Defining command \UndeclareSymbol with sig. 'm' on line 3687.
.................................................
.................................................
. LaTeX info: "xparse/define-command"
. 
. Defining command \UndeclareAccent with sig. 'm' on line 3693.
.................................................
.................................................
. LaTeX info: "xparse/define-command"
. 
. Defining command \UndeclareCommand with sig. 'm' on line 3699.
.................................................
.................................................
. LaTeX info: "xparse/define-command"
. 
. Defining command \UndeclareComposite with sig. 'mm' on line 3706.
.................................................
(/usr/local/texlive/2018/texmf-dist/tex/latex/fontspec/fontspec.cfg)
LaTeX Info: Redefining \itshape on input line 3891.
LaTeX Info: Redefining \slshape on input line 3896.
LaTeX Info: Redefining \scshape on input line 3901.
LaTeX Info: Redefining \upshape on input line 3906.
LaTeX Info: Redefining \em on input line 3936.
LaTeX Info: Redefining \emph on input line 3961.
LaTeX Info: Redefining \- on input line 4015.
.................................................
. LaTeX info: "xparse/redefine-command"
. 
. Redefining command \oldstylenums with sig. 'm' on line 4110.
.................................................
.................................................
. LaTeX info: "xparse/define-command"
. 
. Defining command \liningnums with sig. 'm' on line 4114.
.................................................
)) (/usr/local/texlive/2018/texmf-dist/tex/latex/filehook/filehook.sty
Package: filehook 2011/10/12 v0.5d Hooks for input files
) (/usr/local/texlive/2018/texmf-dist/tex/latex/base/fix-cm.sty
Package: fix-cm 2015/01/14 v1.1t fixes to LaTeX
(/usr/local/texlive/2018/texmf-dist/tex/latex/base/ts1enc.def
File: ts1enc.def 2001/06/05 v3.0e (jk/car/fm) Standard LaTeX file
))
\g__um_fam_int=\count194
\g__um_fonts_used_int=\count195
\l__um_primecount_int=\count196
\g__um_primekern_muskip=\muskip17
.................................................
. LaTeX info: "xparse/define-command"
. 
. Defining command \unimathsetup with sig. 'm' on line 269.
.................................................
.................................................
. LaTeX info: "xparse/define-command"
. 
. Defining command \setmathfont with sig. 'O{}mO{}' on line 273.
.................................................
.................................................
. LaTeX info: "xparse/define-command"
. 
. Defining command \setmathfontface with sig. 'mO{}mO{}' on line 277.
.................................................
.................................................
. LaTeX info: "xparse/define-command"
. 
. Defining command \setoperatorfont with sig. 'm' on line 282.
.................................................
.................................................
. LaTeX info: "xparse/define-command"
. 
. Defining command \addnolimits with sig. 'm' on line 287.
.................................................
.................................................
. LaTeX info: "xparse/define-command"
. 
. Defining command \removenolimits with sig. 'm' on line 291.
.................................................

(/usr/local/texlive/2018/texmf-dist/tex/latex/unicode-math/unicode-math-table.t
ex)
.................................................
. unicode-math info: "patch-macro"
. 
. I'm going to patch macro \subarray.
.................................................
.................................................
. unicode-math info: "patch-macro"
. 
. I'm going to patch macro \r@@t.
.................................................
.................................................
. LaTeX info: "xparse/redefine-command"
. 
. Redefining command \not with sig. 'm' on line 3835.
.................................................
.................................................
. LaTeX info: "xparse/define-command"
. 
. Defining command \NewNegationCommand with sig. 'mm' on line 3839.
.................................................
.................................................
. LaTeX info: "xparse/define-command"
. 
. Defining command \RenewNegationCommand with sig. 'mm' on line 3843.
.................................................
)) (/usr/local/texlive/2018/texmf-dist/tex/latex/upquote/upquote.sty
Package: upquote 2012/04/19 v1.3 upright-quote and grave-accent glyphs in verba
tim
(/usr/local/texlive/2018/texmf-dist/tex/latex/base/textcomp.sty
Package: textcomp 2017/04/05 v2.0i Standard LaTeX package
Package textcomp Info: Sub-encoding information:
(textcomp)               5 = only ISO-Adobe without \textcurrency
(textcomp)               4 = 5 + \texteuro
(textcomp)               3 = 4 + \textohm
(textcomp)               2 = 3 + \textestimated + \textcurrency
(textcomp)               1 = TS1 - \textcircled - \t
(textcomp)               0 = TS1 (full)
(textcomp)             Font families with sub-encoding setting implement
(textcomp)             only a restricted character set as indicated.
(textcomp)             Family '?' is the default used for unknown fonts.
(textcomp)             See the documentation for details.
Package textcomp Info: Setting ? sub-encoding to TS1/1 on input line 79.
(/usr/local/texlive/2018/texmf-dist/tex/latex/base/ts1enc.def
File: ts1enc.def 2001/06/05 v3.0e (jk/car/fm) Standard LaTeX file
LaTeX Font Info:    Redeclaring font encoding TS1 on input line 47.
)
LaTeX Info: Redefining \oldstylenums on input line 334.
Package textcomp Info: Setting cmr sub-encoding to TS1/0 on input line 349.
Package textcomp Info: Setting cmss sub-encoding to TS1/0 on input line 350.
Package textcomp Info: Setting cmtt sub-encoding to TS1/0 on input line 351.
Package textcomp Info: Setting cmvtt sub-encoding to TS1/0 on input line 352.
Package textcomp Info: Setting cmbr sub-encoding to TS1/0 on input line 353.
Package textcomp Info: Setting cmtl sub-encoding to TS1/0 on input line 354.
Package textcomp Info: Setting ccr sub-encoding to TS1/0 on input line 355.
Package textcomp Info: Setting ptm sub-encoding to TS1/4 on input line 356.
Package textcomp Info: Setting pcr sub-encoding to TS1/4 on input line 357.
Package textcomp Info: Setting phv sub-encoding to TS1/4 on input line 358.
Package textcomp Info: Setting ppl sub-encoding to TS1/3 on input line 359.
Package textcomp Info: Setting pag sub-encoding to TS1/4 on input line 360.
Package textcomp Info: Setting pbk sub-encoding to TS1/4 on input line 361.
Package textcomp Info: Setting pnc sub-encoding to TS1/4 on input line 362.
Package textcomp Info: Setting pzc sub-encoding to TS1/4 on input line 363.
Package textcomp Info: Setting bch sub-encoding to TS1/4 on input line 364.
Package textcomp Info: Setting put sub-encoding to TS1/5 on input line 365.
Package textcomp Info: Setting uag sub-encoding to TS1/5 on input line 366.
Package textcomp Info: Setting ugq sub-encoding to TS1/5 on input line 367.
Package textcomp Info: Setting ul8 sub-encoding to TS1/4 on input line 368.
Package textcomp Info: Setting ul9 sub-encoding to TS1/4 on input line 369.
Package textcomp Info: Setting augie sub-encoding to TS1/5 on input line 370.
Package textcomp Info: Setting dayrom sub-encoding to TS1/3 on input line 371.
Package textcomp Info: Setting dayroms sub-encoding to TS1/3 on input line 372.

Package textcomp Info: Setting pxr sub-encoding to TS1/0 on input line 373.
Package textcomp Info: Setting pxss sub-encoding to TS1/0 on input line 374.
Package textcomp Info: Setting pxtt sub-encoding to TS1/0 on input line 375.
Package textcomp Info: Setting txr sub-encoding to TS1/0 on input line 376.
Package textcomp Info: Setting txss sub-encoding to TS1/0 on input line 377.
Package textcomp Info: Setting txtt sub-encoding to TS1/0 on input line 378.
Package textcomp Info: Setting lmr sub-encoding to TS1/0 on input line 379.
Package textcomp Info: Setting lmdh sub-encoding to TS1/0 on input line 380.
Package textcomp Info: Setting lmss sub-encoding to TS1/0 on input line 381.
Package textcomp Info: Setting lmssq sub-encoding to TS1/0 on input line 382.
Package textcomp Info: Setting lmvtt sub-encoding to TS1/0 on input line 383.
Package textcomp Info: Setting lmtt sub-encoding to TS1/0 on input line 384.
Package textcomp Info: Setting qhv sub-encoding to TS1/0 on input line 385.
Package textcomp Info: Setting qag sub-encoding to TS1/0 on input line 386.
Package textcomp Info: Setting qbk sub-encoding to TS1/0 on input line 387.
Package textcomp Info: Setting qcr sub-encoding to TS1/0 on input line 388.
Package textcomp Info: Setting qcs sub-encoding to TS1/0 on input line 389.
Package textcomp Info: Setting qpl sub-encoding to TS1/0 on input line 390.
Package textcomp Info: Setting qtm sub-encoding to TS1/0 on input line 391.
Package textcomp Info: Setting qzc sub-encoding to TS1/0 on input line 392.
Package textcomp Info: Setting qhvc sub-encoding to TS1/0 on input line 393.
Package textcomp Info: Setting futs sub-encoding to TS1/4 on input line 394.
Package textcomp Info: Setting futx sub-encoding to TS1/4 on input line 395.
Package textcomp Info: Setting futj sub-encoding to TS1/4 on input line 396.
Package textcomp Info: Setting hlh sub-encoding to TS1/3 on input line 397.
Package textcomp Info: Setting hls sub-encoding to TS1/3 on input line 398.
Package textcomp Info: Setting hlst sub-encoding to TS1/3 on input line 399.
Package textcomp Info: Setting hlct sub-encoding to TS1/5 on input line 400.
Package textcomp Info: Setting hlx sub-encoding to TS1/5 on input line 401.
Package textcomp Info: Setting hlce sub-encoding to TS1/5 on input line 402.
Package textcomp Info: Setting hlcn sub-encoding to TS1/5 on input line 403.
Package textcomp Info: Setting hlcw sub-encoding to TS1/5 on input line 404.
Package textcomp Info: Setting hlcf sub-encoding to TS1/5 on input line 405.
Package textcomp Info: Setting pplx sub-encoding to TS1/3 on input line 406.
Package textcomp Info: Setting pplj sub-encoding to TS1/3 on input line 407.
Package textcomp Info: Setting ptmx sub-encoding to TS1/4 on input line 408.
Package textcomp Info: Setting ptmj sub-encoding to TS1/4 on input line 409.
)) (/usr/local/texlive/2018/texmf-dist/tex/latex/microtype/microtype.sty
Package: microtype 2018/01/14 v2.7a Micro-typographical refinements (RS)
(/usr/local/texlive/2018/texmf-dist/tex/latex/graphics/keyval.sty
Package: keyval 2014/10/28 v1.15 key=value parser (DPC)
\KV@toks@=\toks20
)
\MT@toks=\toks21
\MT@count=\count197
LaTeX Info: Redefining \textls on input line 793.
\MT@outer@kern=\dimen147
LaTeX Info: Redefining \textmicrotypecontext on input line 1339.
\MT@listname@count=\count198
(/usr/local/texlive/2018/texmf-dist/tex/latex/microtype/microtype-xetex.def
File: microtype-xetex.def 2018/01/14 v2.7a Definitions specific to xetex (RS)
LaTeX Info: Redefining \lsstyle on input line 256.
)
Package microtype Info: Loading configuration file microtype.cfg.
(/usr/local/texlive/2018/texmf-dist/tex/latex/microtype/microtype.cfg
File: microtype.cfg 2018/01/14 v2.7a microtype main configuration file (RS)
)) (/usr/local/texlive/2018/texmf-dist/tex/latex/parskip/parskip.sty
Package: parskip 2001/04/09 non-zero parskip adjustments
) (/usr/local/texlive/2018/texmf-dist/tex/latex/xcolor/xcolor.sty
Package: xcolor 2016/05/11 v2.12 LaTeX color extensions (UK)
(/usr/local/texlive/2018/texmf-dist/tex/latex/graphics-cfg/color.cfg
File: color.cfg 2016/01/02 v1.6 sample color configuration
)
Package xcolor Info: Driver file: xetex.def on input line 225.
(/usr/local/texlive/2018/texmf-dist/tex/latex/graphics-def/xetex.def
File: xetex.def 2017/06/24 v5.0h Graphics/color driver for xetex
)
Package xcolor Info: Model `cmy' substituted by `cmy0' on input line 1348.
Package xcolor Info: Model `RGB' extended on input line 1364.
Package xcolor Info: Model `HTML' substituted by `rgb' on input line 1366.
Package xcolor Info: Model `Hsb' substituted by `hsb' on input line 1367.
Package xcolor Info: Model `tHsb' substituted by `hsb' on input line 1368.
Package xcolor Info: Model `HSB' substituted by `hsb' on input line 1369.
Package xcolor Info: Model `Gray' substituted by `gray' on input line 1370.
Package xcolor Info: Model `wave' substituted by `hsb' on input line 1371.
) (/usr/local/texlive/2018/texmf-dist/tex/latex/xurl/xurl.sty
Package: xurl 2018/01/09 v 0.03 modify URL breaks
(/usr/local/texlive/2018/texmf-dist/tex/latex/url/url.sty
\Urlmuskip=\muskip18
Package: url 2013/09/16  ver 3.4  Verb mode for urls, etc.
)) (/usr/local/texlive/2018/texmf-dist/tex/latex/oberdiek/bookmark.sty
Package: bookmark 2016/05/17 v1.26 PDF bookmarks (HO)
(/usr/local/texlive/2018/texmf-dist/tex/generic/oberdiek/pdfescape.sty
Package: pdfescape 2016/05/16 v1.14 Implements pdfTeX's escape features (HO)
(/usr/local/texlive/2018/texmf-dist/tex/generic/oberdiek/ltxcmds.sty
Package: ltxcmds 2016/05/16 v1.23 LaTeX kernel commands for general use (HO)
) (/usr/local/texlive/2018/texmf-dist/tex/generic/oberdiek/pdftexcmds.sty
Package: pdftexcmds 2018/01/30 v0.27 Utility functions of pdfTeX for LuaTeX (HO
)
(/usr/local/texlive/2018/texmf-dist/tex/generic/oberdiek/infwarerr.sty
Package: infwarerr 2016/05/16 v1.4 Providing info/warning/error messages (HO)
) (/usr/local/texlive/2018/texmf-dist/tex/generic/oberdiek/ifpdf.sty
Package: ifpdf 2017/03/15 v3.2 Provides the ifpdf switch
)
Package pdftexcmds Info: LuaTeX not detected.
Package pdftexcmds Info: pdfTeX >= 1.30 not detected.
Package pdftexcmds Info: \pdf@primitive is available.
Package pdftexcmds Info: \pdf@ifprimitive is available.
Package pdftexcmds Info: \pdfdraftmode not found.
)) (/usr/local/texlive/2018/texmf-dist/tex/generic/oberdiek/ifvtex.sty
Package: ifvtex 2016/05/16 v1.6 Detect VTeX and its facilities (HO)
Package ifvtex Info: VTeX not detected.
) (/usr/local/texlive/2018/texmf-dist/tex/latex/hyperref/hyperref.sty
Package: hyperref 2018/02/06 v6.86b Hypertext links for LaTeX
(/usr/local/texlive/2018/texmf-dist/tex/generic/oberdiek/hobsub-hyperref.sty
Package: hobsub-hyperref 2016/05/16 v1.14 Bundle oberdiek, subset hyperref (HO)

(/usr/local/texlive/2018/texmf-dist/tex/generic/oberdiek/hobsub-generic.sty
Package: hobsub-generic 2016/05/16 v1.14 Bundle oberdiek, subset generic (HO)
Package: hobsub 2016/05/16 v1.14 Construct package bundles (HO)
Package hobsub Info: Skipping package `infwarerr' (already loaded).
Package hobsub Info: Skipping package `ltxcmds' (already loaded).
Package hobsub Info: Skipping package `ifluatex' (already loaded).
Package hobsub Info: Skipping package `ifvtex' (already loaded).
Package: intcalc 2016/05/16 v1.2 Expandable calculations with integers (HO)
Package hobsub Info: Skipping package `ifpdf' (already loaded).
Package: etexcmds 2016/05/16 v1.6 Avoid name clashes with e-TeX commands (HO)
Package etexcmds Info: Could not find \expanded.
(etexcmds)             That can mean that you are not using pdfTeX 1.50 or
(etexcmds)             that some package has redefined \expanded.
(etexcmds)             In the latter case, load this package earlier.
Package: kvsetkeys 2016/05/16 v1.17 Key value parser (HO)
Package: kvdefinekeys 2016/05/16 v1.4 Define keys (HO)
Package hobsub Info: Skipping package `pdftexcmds' (already loaded).
Package hobsub Info: Skipping package `pdfescape' (already loaded).
Package: bigintcalc 2016/05/16 v1.4 Expandable calculations on big integers (HO
)
Package: bitset 2016/05/16 v1.2 Handle bit-vector datatype (HO)
Package: uniquecounter 2016/05/16 v1.3 Provide unlimited unique counter (HO)
)
Package hobsub Info: Skipping package `hobsub' (already loaded).
Package: letltxmacro 2016/05/16 v1.5 Let assignment for LaTeX macros (HO)
Package: hopatch 2016/05/16 v1.3 Wrapper for package hooks (HO)
Package: xcolor-patch 2016/05/16 xcolor patch
Package: atveryend 2016/05/16 v1.9 Hooks at the very end of document (HO)
Package atveryend Info: \enddocument detected (standard20110627).
Package: atbegshi 2016/06/09 v1.18 At begin shipout hook (HO)
Package: refcount 2016/05/16 v3.5 Data extraction from label references (HO)
Package: hycolor 2016/05/16 v1.8 Color options for hyperref/bookmark (HO)
) (/usr/local/texlive/2018/texmf-dist/tex/latex/oberdiek/auxhook.sty
Package: auxhook 2016/05/16 v1.4 Hooks for auxiliary files (HO)
) (/usr/local/texlive/2018/texmf-dist/tex/latex/oberdiek/kvoptions.sty
Package: kvoptions 2016/05/16 v3.12 Key value format for package options (HO)
)
\@linkdim=\dimen148
\Hy@linkcounter=\count199
\Hy@pagecounter=\count266
(/usr/local/texlive/2018/texmf-dist/tex/latex/hyperref/pd1enc.def
File: pd1enc.def 2018/02/06 v6.86b Hyperref: PDFDocEncoding definition (HO)
)
\Hy@SavedSpaceFactor=\count267
(/usr/local/texlive/2018/texmf-dist/tex/latex/latexconfig/hyperref.cfg
File: hyperref.cfg 2002/06/06 v1.2 hyperref configuration of TeXLive
)
Package hyperref Info: Option `unicode' set `true' on input line 4383.
(/usr/local/texlive/2018/texmf-dist/tex/latex/hyperref/puenc.def
File: puenc.def 2018/02/06 v6.86b Hyperref: PDF Unicode definition (HO)
)
Package hyperref Info: Hyper figures OFF on input line 4509.
Package hyperref Info: Link nesting OFF on input line 4514.
Package hyperref Info: Hyper index ON on input line 4517.
Package hyperref Info: Plain pages OFF on input line 4524.
Package hyperref Info: Backreferencing OFF on input line 4529.
Package hyperref Info: Implicit mode ON; LaTeX internals redefined.
Package hyperref Info: Bookmarks ON on input line 4762.
\c@Hy@tempcnt=\count268
LaTeX Info: Redefining \url on input line 5115.
\XeTeXLinkMargin=\dimen149
\Fld@menulength=\count269
\Field@Width=\dimen150
\Fld@charsize=\dimen151
Package hyperref Info: Hyper figures OFF on input line 6369.
Package hyperref Info: Link nesting OFF on input line 6374.
Package hyperref Info: Hyper index ON on input line 6377.
Package hyperref Info: backreferencing OFF on input line 6384.
Package hyperref Info: Link coloring OFF on input line 6389.
Package hyperref Info: Link coloring with OCG OFF on input line 6394.
Package hyperref Info: PDF/A mode OFF on input line 6399.
LaTeX Info: Redefining \ref on input line 6439.
LaTeX Info: Redefining \pageref on input line 6443.
\Hy@abspage=\count270
\c@Item=\count271
\c@Hfootnote=\count272
)
Package hyperref Info: Driver (autodetected): hxetex.
(/usr/local/texlive/2018/texmf-dist/tex/latex/hyperref/hxetex.def
File: hxetex.def 2018/02/06 v6.86b Hyperref driver for XeTeX
(/usr/local/texlive/2018/texmf-dist/tex/generic/oberdiek/stringenc.sty
Package: stringenc 2016/05/16 v1.11 Convert strings between diff. encodings (HO
)
)
\pdfm@box=\box43
\c@Hy@AnnotLevel=\count273
\HyField@AnnotCount=\count274
\Fld@listcount=\count275
\c@bookmark@seq@number=\count276
(/usr/local/texlive/2018/texmf-dist/tex/latex/oberdiek/rerunfilecheck.sty
Package: rerunfilecheck 2016/05/16 v1.8 Rerun checks for auxiliary files (HO)
Package uniquecounter Info: New unique counter `rerunfilecheck' on input line 2
82.
)
\Hy@SectionHShift=\skip52
) (/usr/local/texlive/2018/texmf-dist/tex/latex/oberdiek/bkm-dvipdfm.def
File: bkm-dvipdfm.def 2016/05/17 v1.26 bookmark driver for dvipdfm (HO)
\BKM@id=\count277
)) (/usr/local/texlive/2018/texmf-dist/tex/latex/fancyvrb/fancyvrb.sty
Package: fancyvrb 2008/02/07

Style option: `fancyvrb' v2.7a, with DG/SPQR fixes, and firstline=lastline fix 
<2008/02/07> (tvz)
\FV@CodeLineNo=\count278
\FV@InFile=\read2
\FV@TabBox=\box44
\c@FancyVerbLine=\count279
\FV@StepNumber=\count280
\FV@OutFile=\write3
) (/usr/local/texlive/2018/texmf-dist/tex/latex/framed/framed.sty
Package: framed 2011/10/22 v 0.96: framed or shaded text with page breaks
\OuterFrameSep=\skip53
\fb@frw=\dimen152
\fb@frh=\dimen153
\FrameRule=\dimen154
\FrameSep=\dimen155
) (/usr/local/texlive/2018/texmf-dist/tex/latex/tools/longtable.sty
Package: longtable 2014/10/28 v4.11 Multi-page Table package (DPC)
\LTleft=\skip54
\LTright=\skip55
\LTpre=\skip56
\LTpost=\skip57
\LTchunksize=\count281
\LTcapwidth=\dimen156
\LT@head=\box45
\LT@firsthead=\box46
\LT@foot=\box47
\LT@lastfoot=\box48
\LT@cols=\count282
\LT@rows=\count283
\c@LT@tables=\count284
\c@LT@chunks=\count285
\LT@p@ftn=\toks22
) (/usr/local/texlive/2018/texmf-dist/tex/latex/booktabs/booktabs.sty
Package: booktabs 2016/04/27 v1.618033 publication quality tables
\heavyrulewidth=\dimen157
\lightrulewidth=\dimen158
\cmidrulewidth=\dimen159
\belowrulesep=\dimen160
\belowbottomsep=\dimen161
\aboverulesep=\dimen162
\abovetopsep=\dimen163
\cmidrulesep=\dimen164
\cmidrulekern=\dimen165
\defaultaddspace=\dimen166
\@cmidla=\count286
\@cmidlb=\count287
\@aboverulesep=\dimen167
\@belowrulesep=\dimen168
\@thisruleclass=\count288
\@lastruleclass=\count289
\@thisrulewidth=\dimen169
) (/usr/local/texlive/2018/texmf-dist/tex/latex/etoolbox/etoolbox.sty
Package: etoolbox 2018/02/11 v2.5e e-TeX tools for LaTeX (JAW)
\etb@tempcnta=\count290
) (/usr/local/texlive/2018/texmf-dist/tex/latex/footnotehyper/footnotehyper.sty
Package: footnotehyper 2018/01/23 v1.1 hyperref aware footnote.sty (JFB)
\FNH@notes=\box49
\FNH@width=\dimen170
) (/usr/local/texlive/2018/texmf-dist/tex/latex/graphics/graphicx.sty
Package: graphicx 2017/06/01 v1.1a Enhanced LaTeX Graphics (DPC,SPQR)
(/usr/local/texlive/2018/texmf-dist/tex/latex/graphics/graphics.sty
Package: graphics 2017/06/25 v1.2c Standard LaTeX Graphics (DPC,SPQR)
(/usr/local/texlive/2018/texmf-dist/tex/latex/graphics/trig.sty
Package: trig 2016/01/03 v1.10 sin cos tan (DPC)
) (/usr/local/texlive/2018/texmf-dist/tex/latex/graphics-cfg/graphics.cfg
File: graphics.cfg 2016/06/04 v1.11 sample graphics configuration
)
Package graphics Info: Driver file: xetex.def on input line 99.
)
\Gin@req@height=\dimen171
\Gin@req@width=\dimen172
) (/usr/local/texlive/2018/texmf-dist/tex/latex/amscls/amsthm.sty
Package: amsthm 2017/10/31 v2.20.4
\thm@style=\toks23
\thm@bodyfont=\toks24
\thm@headfont=\toks25
\thm@notefont=\toks26
\thm@headpunct=\toks27
\thm@preskip=\skip58
\thm@postskip=\skip59
\thm@headsep=\skip60
\dth@everypar=\toks28
) (/usr/local/texlive/2018/texmf-dist/tex/latex/float/float.sty
Package: float 2001/11/08 v1.3d Float enhancements (AL)
\c@float@type=\count291
\float@exts=\toks29
\float@box=\box50
\@float@everytoks=\toks30
\@floatcapt=\box51
) (/usr/local/texlive/2018/texmf-dist/tex/latex/natbib/natbib.sty
Package: natbib 2010/09/13 8.31b (PWD, AO)
\bibhang=\skip61
\bibsep=\skip62
LaTeX Info: Redefining \cite on input line 694.
\c@NAT@ctr=\count292
) (./bookdown-demo.aux)
\openout1 = `bookdown-demo.aux'.

LaTeX Font Info:    Checking defaults for OML/cmm/m/it on input line 126.
LaTeX Font Info:    ... okay on input line 126.
LaTeX Font Info:    Checking defaults for T1/cmr/m/n on input line 126.
LaTeX Font Info:    ... okay on input line 126.
LaTeX Font Info:    Checking defaults for OT1/cmr/m/n on input line 126.
LaTeX Font Info:    ... okay on input line 126.
LaTeX Font Info:    Checking defaults for OMS/cmsy/m/n on input line 126.
LaTeX Font Info:    ... okay on input line 126.
LaTeX Font Info:    Checking defaults for TU/lmr/m/n on input line 126.
LaTeX Font Info:    ... okay on input line 126.
LaTeX Font Info:    Checking defaults for OMX/cmex/m/n on input line 126.
LaTeX Font Info:    ... okay on input line 126.
LaTeX Font Info:    Checking defaults for U/cmr/m/n on input line 126.
LaTeX Font Info:    ... okay on input line 126.
LaTeX Font Info:    Checking defaults for TS1/cmr/m/n on input line 126.
LaTeX Font Info:    ... okay on input line 126.
LaTeX Font Info:    Checking defaults for PD1/pdf/m/n on input line 126.
LaTeX Font Info:    ... okay on input line 126.
LaTeX Font Info:    Checking defaults for PU/pdf/m/n on input line 126.
LaTeX Font Info:    ... okay on input line 126.
LaTeX Font Info:    Overwriting math alphabet `\mathrm' in version `normal'
(Font)                  OT1/lmr/m/n --> TU/lmr/m/n on input line 126.
LaTeX Font Info:    Overwriting math alphabet `\mathit' in version `normal'
(Font)                  OT1/lmr/m/it --> TU/lmr/m/it on input line 126.
LaTeX Font Info:    Overwriting math alphabet `\mathbf' in version `normal'
(Font)                  OT1/lmr/bx/n --> TU/lmr/bx/n on input line 126.
LaTeX Font Info:    Overwriting math alphabet `\mathsf' in version `normal'
(Font)                  OT1/lmss/m/n --> TU/lmss/m/n on input line 126.
LaTeX Font Info:    Overwriting math alphabet `\mathsf' in version `bold'
(Font)                  OT1/lmss/bx/n --> TU/lmss/bx/n on input line 126.
LaTeX Font Info:    Overwriting math alphabet `\mathtt' in version `normal'
(Font)                  OT1/lmtt/m/n --> TU/lmtt/m/n on input line 126.
LaTeX Font Info:    Overwriting math alphabet `\mathtt' in version `bold'
(Font)                  OT1/lmtt/m/n --> TU/lmtt/bx/n on input line 126.
.................................................
. fontspec info: "set-scale"
. 
. latinmodern-math scale = 1.
.................................................
\g__fontspec_family_latinmodern-math.otf_int=\count293
.................................................
. fontspec info: "set-scale"
. 
. latinmodern-math scale = 1.
.................................................
.................................................
. fontspec info: "set-scale"
. 
. latinmodern-math scale = 1.
.................................................
.................................................
. fontspec info: "defining-font"
. 
. Font family 'latinmodern-math.otf(0)' created for font
. 'latinmodern-math.otf' with options
. [Scale=MatchLowercase,BoldItalicFont={},ItalicFont={},Script=Math,BoldFont={l
atinmodern-math.otf}].
.  
.  This font family consists of the following NFSS series/shapes:
.  
. - 'normal' (m/n) with NFSS spec.:
. <->s*[1]"[latinmodern-math.otf]/OT:script=math;language=DFLT;"
. - 'small caps'  (m/sc) with NFSS spec.: 
. - 'bold' (bx/n) with NFSS spec.:
. <->s*[1]"[latinmodern-math.otf]/OT:script=math;language=DFLT;"
. - 'bold small caps'  (bx/sc) with NFSS spec.: 
.................................................
LaTeX Font Info:    Font shape `TU/latinmodern-math.otf(0)/m/n' will be
(Font)              scaled to size 10.0pt on input line 126.
.................................................
. fontspec info: "set-scale"
. 
. latinmodern-math scale = 1.
.................................................
.................................................
. fontspec info: "set-scale"
. 
. latinmodern-math scale = 1.
.................................................
.................................................
. fontspec info: "set-scale"
. 
. latinmodern-math scale = 1.
.................................................
.................................................
. fontspec info: "set-scale"
. 
. latinmodern-math scale = 1.
.................................................
.................................................
. fontspec info: "set-scale"
. 
. latinmodern-math scale = 1.
.................................................
.................................................
. fontspec info: "defining-font"
. 
. Font family 'latinmodern-math.otf(1)' created for font
. 'latinmodern-math.otf' with options
. [Scale=MatchLowercase,BoldItalicFont={},ItalicFont={},Script=Math,SizeFeature
s={{Size=8.5-},{Size=6-8.5,Font=latinmodern-math.otf,Style=MathScript},{Size=-6
,Font=latinmodern-math.otf,Style=MathScriptScript}},BoldFont={latinmodern-math.
otf}].
.  
.  This font family consists of the following NFSS series/shapes:
.  
. - 'normal' (m/n) with NFSS spec.:
. <8.5->s*[1]"[latinmodern-math.otf]/OT:script=math;language=DFLT;"<6-8.5>s*[1]
"[latinmodern-math.otf]/OT:script=math;language=DFLT;+ssty=0;"<-6>s*[1]"[latinm
odern-math.otf]/OT:script=math;language=DFLT;+ssty=1;"
. - 'small caps'  (m/sc) with NFSS spec.: 
. - 'bold' (bx/n) with NFSS spec.:
. <->s*[1]"[latinmodern-math.otf]/OT:script=math;language=DFLT;"
. - 'bold small caps'  (bx/sc) with NFSS spec.: 
.................................................
LaTeX Font Info:    Font shape `TU/latinmodern-math.otf(1)/m/n' will be
(Font)              scaled to size 10.0pt on input line 126.
LaTeX Font Info:    Encoding `OT1' has changed to `TU' for symbol font
(Font)              `operators' in the math version `normal' on input line 126.

LaTeX Font Info:    Overwriting symbol font `operators' in version `normal'
(Font)                  OT1/lmr/m/n --> TU/latinmodern-math.otf(1)/m/n on input
 line 126.
LaTeX Font Info:    Encoding `OT1' has changed to `TU' for symbol font
(Font)              `operators' in the math version `bold' on input line 126.
LaTeX Font Info:    Overwriting symbol font `operators' in version `bold'
(Font)                  OT1/lmr/bx/n --> TU/latinmodern-math.otf(1)/bx/n on inp
ut line 126.
.................................................
. fontspec info: "set-scale"
. 
. latinmodern-math scale = 1.
.................................................
.................................................
. fontspec info: "set-scale"
. 
. latinmodern-math scale = 1.
.................................................
.................................................
. fontspec info: "set-scale"
. 
. latinmodern-math scale = 1.
.................................................
.................................................
. fontspec info: "set-scale"
. 
. latinmodern-math scale = 1.
.................................................
.................................................
. fontspec info: "set-scale"
. 
. latinmodern-math scale = 1.
.................................................
.................................................
. fontspec info: "defining-font"
. 
. Font family 'latinmodern-math.otf(2)' created for font
. 'latinmodern-math.otf' with options
. [Scale=MatchLowercase,BoldItalicFont={},ItalicFont={},Script=Math,SizeFeature
s={{Size=8.5-},{Size=6-8.5,Font=latinmodern-math.otf,Style=MathScript},{Size=-6
,Font=latinmodern-math.otf,Style=MathScriptScript}},BoldFont={latinmodern-math.
otf},Scale=1.00001,FontAdjustment={\fontdimen
. 8\font =6.77pt\relax \fontdimen 9\font =3.94pt\relax \fontdimen 10\font
. =4.44pt\relax \fontdimen 11\font =6.86pt\relax \fontdimen 12\font
. =3.45pt\relax \fontdimen 13\font =3.63pt\relax \fontdimen 14\font
. =3.63pt\relax \fontdimen 15\font =2.89pt\relax \fontdimen 16\font
. =2.47pt\relax \fontdimen 17\font =2.47pt\relax \fontdimen 18\font
. =2.5pt\relax \fontdimen 19\font =2.0pt\relax \fontdimen 22\font =2.5pt\relax
. \fontdimen 20\font =0pt\relax \fontdimen 21\font =0pt\relax }].
.  
.  This font family consists of the following NFSS series/shapes:
.  
. - 'normal' (m/n) with NFSS spec.:
. <8.5->s*[1.00001]"[latinmodern-math.otf]/OT:script=math;language=DFLT;"<6-8.5
>s*[1.00001]"[latinmodern-math.otf]/OT:script=math;language=DFLT;+ssty=0;"<-6>s
*[1.00001]"[latinmodern-math.otf]/OT:script=math;language=DFLT;+ssty=1;"
. - 'small caps'  (m/sc) with NFSS spec.: 
. and font adjustment code:
. \fontdimen 8\font =6.77pt\relax \fontdimen 9\font =3.94pt\relax \fontdimen
. 10\font =4.44pt\relax \fontdimen 11\font =6.86pt\relax \fontdimen 12\font
. =3.45pt\relax \fontdimen 13\font =3.63pt\relax \fontdimen 14\font
. =3.63pt\relax \fontdimen 15\font =2.89pt\relax \fontdimen 16\font
. =2.47pt\relax \fontdimen 17\font =2.47pt\relax \fontdimen 18\font
. =2.5pt\relax \fontdimen 19\font =2.0pt\relax \fontdimen 22\font =2.5pt\relax
. \fontdimen 20\font =0pt\relax \fontdimen 21\font =0pt\relax 
. - 'bold' (bx/n) with NFSS spec.:
. <->s*[1.00001]"[latinmodern-math.otf]/OT:script=math;language=DFLT;"
. - 'bold small caps'  (bx/sc) with NFSS spec.: 
. and font adjustment code:
. \fontdimen 8\font =6.77pt\relax \fontdimen 9\font =3.94pt\relax \fontdimen
. 10\font =4.44pt\relax \fontdimen 11\font =6.86pt\relax \fontdimen 12\font
. =3.45pt\relax \fontdimen 13\font =3.63pt\relax \fontdimen 14\font
. =3.63pt\relax \fontdimen 15\font =2.89pt\relax \fontdimen 16\font
. =2.47pt\relax \fontdimen 17\font =2.47pt\relax \fontdimen 18\font
. =2.5pt\relax \fontdimen 19\font =2.0pt\relax \fontdimen 22\font =2.5pt\relax
. \fontdimen 20\font =0pt\relax \fontdimen 21\font =0pt\relax 
.................................................
LaTeX Font Info:    Encoding `OMS' has changed to `TU' for symbol font
(Font)              `symbols' in the math version `normal' on input line 126.
LaTeX Font Info:    Overwriting symbol font `symbols' in version `normal'
(Font)                  OMS/lmsy/m/n --> TU/latinmodern-math.otf(2)/m/n on inpu
t line 126.
LaTeX Font Info:    Encoding `OMS' has changed to `TU' for symbol font
(Font)              `symbols' in the math version `bold' on input line 126.
LaTeX Font Info:    Overwriting symbol font `symbols' in version `bold'
(Font)                  OMS/lmsy/b/n --> TU/latinmodern-math.otf(2)/bx/n on inp
ut line 126.
.................................................
. fontspec info: "set-scale"
. 
. latinmodern-math scale = 1.
.................................................
.................................................
. fontspec info: "set-scale"
. 
. latinmodern-math scale = 1.
.................................................
.................................................
. fontspec info: "set-scale"
. 
. latinmodern-math scale = 1.
.................................................
.................................................
. fontspec info: "set-scale"
. 
. latinmodern-math scale = 1.
.................................................
.................................................
. fontspec info: "set-scale"
. 
. latinmodern-math scale = 1.
.................................................
.................................................
. fontspec info: "defining-font"
. 
. Font family 'latinmodern-math.otf(3)' created for font
. 'latinmodern-math.otf' with options
. [Scale=MatchLowercase,BoldItalicFont={},ItalicFont={},Script=Math,SizeFeature
s={{Size=8.5-},{Size=6-8.5,Font=latinmodern-math.otf,Style=MathScript},{Size=-6
,Font=latinmodern-math.otf,Style=MathScriptScript}},BoldFont={latinmodern-math.
otf},Scale=0.99999,FontAdjustment={\fontdimen
. 8\font =0.4pt\relax \fontdimen 9\font =2.0pt\relax \fontdimen 10\font
. =1.67pt\relax \fontdimen 11\font =1.11pt\relax \fontdimen 12\font
. =6.0pt\relax \fontdimen 13\font =0pt\relax }].
.  
.  This font family consists of the following NFSS series/shapes:
.  
. - 'normal' (m/n) with NFSS spec.:
. <8.5->s*[0.99999]"[latinmodern-math.otf]/OT:script=math;language=DFLT;"<6-8.5
>s*[0.99999]"[latinmodern-math.otf]/OT:script=math;language=DFLT;+ssty=0;"<-6>s
*[0.99999]"[latinmodern-math.otf]/OT:script=math;language=DFLT;+ssty=1;"
. - 'small caps'  (m/sc) with NFSS spec.: 
. and font adjustment code:
. \fontdimen 8\font =0.4pt\relax \fontdimen 9\font =2.0pt\relax \fontdimen
. 10\font =1.67pt\relax \fontdimen 11\font =1.11pt\relax \fontdimen 12\font
. =6.0pt\relax \fontdimen 13\font =0pt\relax 
. - 'bold' (bx/n) with NFSS spec.:
. <->s*[0.99999]"[latinmodern-math.otf]/OT:script=math;language=DFLT;"
. - 'bold small caps'  (bx/sc) with NFSS spec.: 
. and font adjustment code:
. \fontdimen 8\font =0.4pt\relax \fontdimen 9\font =2.0pt\relax \fontdimen
. 10\font =1.67pt\relax \fontdimen 11\font =1.11pt\relax \fontdimen 12\font
. =6.0pt\relax \fontdimen 13\font =0pt\relax 
.................................................
LaTeX Font Info:    Encoding `OMX' has changed to `TU' for symbol font
(Font)              `largesymbols' in the math version `normal' on input line 1
26.
LaTeX Font Info:    Overwriting symbol font `largesymbols' in version `normal'
(Font)                  OMX/lmex/m/n --> TU/latinmodern-math.otf(3)/m/n on inpu
t line 126.
LaTeX Font Info:    Encoding `OMX' has changed to `TU' for symbol font
(Font)              `largesymbols' in the math version `bold' on input line 126
.
LaTeX Font Info:    Overwriting symbol font `largesymbols' in version `bold'
(Font)                  OMX/lmex/m/n --> TU/latinmodern-math.otf(3)/bx/n on inp
ut line 126.
LaTeX Info: Redefining \microtypecontext on input line 126.
Package microtype Info: Character protrusion enabled (level 2).
Package microtype Info: Using protrusion set `basicmath'.
Package microtype Info: No adjustment of tracking.
Package microtype Info: No adjustment of spacing.
Package microtype Info: No adjustment of kerning.

(/usr/local/texlive/2018/texmf-dist/tex/latex/microtype/mt-LatinModernRoman.cfg
File: mt-LatinModernRoman.cfg 2013/03/13 v1.0 microtype config. file: Latin Mod
ern Roman (RS)
)
\AtBeginShipoutBox=\box52
Package hyperref Info: Link coloring OFF on input line 126.
(/usr/local/texlive/2018/texmf-dist/tex/latex/hyperref/nameref.sty
Package: nameref 2016/05/21 v2.44 Cross-referencing by name of section
(/usr/local/texlive/2018/texmf-dist/tex/generic/oberdiek/gettitlestring.sty
Package: gettitlestring 2016/05/16 v1.5 Cleanup title references (HO)
)
\c@section@level=\count294
)
LaTeX Info: Redefining \ref on input line 126.
LaTeX Info: Redefining \pageref on input line 126.
LaTeX Info: Redefining \nameref on input line 126.
LaTeX Font Info:    Font shape `TU/latinmodern-math.otf(1)/m/n' will be
(Font)              scaled to size 12.0pt on input line 128.
LaTeX Font Info:    Font shape `TU/latinmodern-math.otf(1)/m/n' will be
(Font)              scaled to size 8.0pt on input line 128.
LaTeX Font Info:    Font shape `TU/latinmodern-math.otf(1)/m/n' will be
(Font)              scaled to size 6.0pt on input line 128.
LaTeX Font Info:    Try loading font information for OML+lmm on input line 128.

(/usr/local/texlive/2018/texmf-dist/tex/latex/lm/omllmm.fd
File: omllmm.fd 2009/10/30 v1.6 Font defs for Latin Modern
)
LaTeX Font Info:    Font shape `TU/latinmodern-math.otf(2)/m/n' will be
(Font)              scaled to size 12.00018pt on input line 128.
LaTeX Font Info:    Font shape `TU/latinmodern-math.otf(2)/m/n' will be
(Font)              scaled to size 8.00012pt on input line 128.
LaTeX Font Info:    Font shape `TU/latinmodern-math.otf(2)/m/n' will be
(Font)              scaled to size 6.00009pt on input line 128.
LaTeX Font Info:    Font shape `TU/latinmodern-math.otf(3)/m/n' will be
(Font)              scaled to size 11.99982pt on input line 128.
LaTeX Font Info:    Font shape `TU/latinmodern-math.otf(3)/m/n' will be
(Font)              scaled to size 7.99988pt on input line 128.
LaTeX Font Info:    Font shape `TU/latinmodern-math.otf(3)/m/n' will be
(Font)              scaled to size 5.99991pt on input line 128.
LaTeX Font Info:    Try loading font information for U+msa on input line 128.
(/usr/local/texlive/2018/texmf-dist/tex/latex/amsfonts/umsa.fd
File: umsa.fd 2013/01/14 v3.01 AMS symbols A
) (/usr/local/texlive/2018/texmf-dist/tex/latex/microtype/mt-msa.cfg
File: mt-msa.cfg 2006/02/04 v1.1 microtype config. file: AMS symbols (a) (RS)
)
LaTeX Font Info:    Try loading font information for U+msb on input line 128.
(/usr/local/texlive/2018/texmf-dist/tex/latex/amsfonts/umsb.fd
File: umsb.fd 2013/01/14 v3.01 AMS symbols B
) (/usr/local/texlive/2018/texmf-dist/tex/latex/microtype/mt-msb.cfg
File: mt-msb.cfg 2005/06/01 v1.0 microtype config. file: AMS symbols (b) (RS)
) [1


] [2

] (./bookdown-demo.toc
LaTeX Font Info:    Font shape `TU/latinmodern-math.otf(1)/m/n' will be
(Font)              scaled to size 7.01236pt on input line 2.
LaTeX Font Info:    Font shape `TU/latinmodern-math.otf(1)/m/n' will be
(Font)              scaled to size 4.98074pt on input line 2.
LaTeX Font Info:    Font shape `TU/latinmodern-math.otf(2)/m/n' will be
(Font)              scaled to size 10.00015pt on input line 2.
LaTeX Font Info:    Font shape `TU/latinmodern-math.otf(2)/m/n' will be
(Font)              scaled to size 7.01247pt on input line 2.
LaTeX Font Info:    Font shape `TU/latinmodern-math.otf(2)/m/n' will be
(Font)              scaled to size 4.9808pt on input line 2.
LaTeX Font Info:    Font shape `TU/latinmodern-math.otf(3)/m/n' will be
(Font)              scaled to size 9.99985pt on input line 2.
LaTeX Font Info:    Font shape `TU/latinmodern-math.otf(3)/m/n' will be
(Font)              scaled to size 7.01224pt on input line 2.
LaTeX Font Info:    Font shape `TU/latinmodern-math.otf(3)/m/n' will be
(Font)              scaled to size 4.98067pt on input line 2.
[3] [4])
\tf@toc=\write4
\openout4 = `bookdown-demo.toc'.

[5] [6

]
Chapter 1.
LaTeX Font Info:    Font shape `TU/lmtt/bx/n' in size <10> not available
(Font)              Font shape `TU/lmtt/b/n' tried instead on input line 149.
[7] [8]
Chapter 2.
[9

]
File: bookdown-demo_files/figure-latex/unnamed-chunk-4-1.pdf Graphic file (type
 pdf)
<use bookdown-demo_files/figure-latex/unnamed-chunk-4-1.pdf>

Underfull \vbox (badness 10000) has occurred while \output is active []

[10] [11] [12]
Chapter 3.
[13

]
File: bookdown-demo_files/figure-latex/unnamed-chunk-9-1.pdf Graphic file (type
 pdf)
<use bookdown-demo_files/figure-latex/unnamed-chunk-9-1.pdf>
File: bookdown-demo_files/figure-latex/unnamed-chunk-9-2.pdf Graphic file (type
 pdf)
<use bookdown-demo_files/figure-latex/unnamed-chunk-9-2.pdf>

Underfull \vbox (badness 1721) has occurred while \output is active []

[14]
File: bookdown-demo_files/figure-latex/unnamed-chunk-9-3.pdf Graphic file (type
 pdf)
<use bookdown-demo_files/figure-latex/unnamed-chunk-9-3.pdf>

Package natbib Warning: Citation `ggplot' on page 15 undefined on input line 29
8.

File: bookdown-demo_files/figure-latex/unnamed-chunk-10-1.pdf Graphic file (typ
e pdf)
<use bookdown-demo_files/figure-latex/unnamed-chunk-10-1.pdf>

Underfull \vbox (badness 10000) has occurred while \output is active []

[15]
Overfull \hbox (117.0pt too wide) in paragraph at lines 317--317
[]\TU/lmtt/m/n/10 [1] "/Users/chrismitchell/Google Drive/University of Liverpoo
l/GitHub Stuff/bookdownCRG"[] 
 []

[16]
Overfull \hbox (48.75pt too wide) in paragraph at lines 379--379
[]\TU/lmtt/m/n/10 Warning in file(file, "rt"): cannot open file []mydaat.csv[]:
 No such file or[] 
 []

[17] [18]
Chapter 4.
File: Images/dogs.jpg Graphic file (type bmp)
<Images/dogs.jpg>

Overfull \hbox (73.01503pt too wide) in paragraph at lines 421--422
 [][] 
 []


Underfull \vbox (badness 4454) has occurred while \output is active []

[19

]
File: Images/hymenoptera.jpg Graphic file (type bmp)
<Images/hymenoptera.jpg>

Overfull \hbox (143.544pt too wide) in paragraph at lines 434--435
 [][] 
 []

[20]
Overfull \vbox (17.8181pt too high) has occurred while \output is active []

[21]
File: Images/whales.jpg Graphic file (type bmp)
<Images/whales.jpg>

Overfull \hbox (206.88815pt too wide) in paragraph at lines 445--446
 [][] 
 []


Underfull \vbox (badness 10000) has occurred while \output is active []

[22]
Overfull \vbox (34.2185pt too high) has occurred while \output is active []

[23]
File: bookdown-demo_files/figure-latex/unnamed-chunk-21-1.pdf Graphic file (typ
e pdf)
<use bookdown-demo_files/figure-latex/unnamed-chunk-21-1.pdf>
File: bookdown-demo_files/figure-latex/unnamed-chunk-22-1.pdf Graphic file (typ
e pdf)
<use bookdown-demo_files/figure-latex/unnamed-chunk-22-1.pdf>

Underfull \vbox (badness 10000) has occurred while \output is active []

[24] [25]
File: bookdown-demo_files/figure-latex/unnamed-chunk-24-1.pdf Graphic file (typ
e pdf)
<use bookdown-demo_files/figure-latex/unnamed-chunk-24-1.pdf>
[26]
File: bookdown-demo_files/figure-latex/unnamed-chunk-25-1.pdf Graphic file (typ
e pdf)
<use bookdown-demo_files/figure-latex/unnamed-chunk-25-1.pdf>

Underfull \vbox (badness 10000) has occurred while \output is active []

[27]
File: bookdown-demo_files/figure-latex/unnamed-chunk-26-1.pdf Graphic file (typ
e pdf)
<use bookdown-demo_files/figure-latex/unnamed-chunk-26-1.pdf>

Underfull \vbox (badness 10000) has occurred while \output is active []

[28] [29]
File: bookdown-demo_files/figure-latex/unnamed-chunk-27-1.pdf Graphic file (typ
e pdf)
<use bookdown-demo_files/figure-latex/unnamed-chunk-27-1.pdf>
File: bookdown-demo_files/figure-latex/unnamed-chunk-28-1.pdf Graphic file (typ
e pdf)
<use bookdown-demo_files/figure-latex/unnamed-chunk-28-1.pdf>

Underfull \vbox (badness 10000) has occurred while \output is active []

[30]
Overfull \hbox (13.17001pt too wide) detected at line 562
[][][][][][][]
 []


Overfull \hbox (69.75pt too wide) in paragraph at lines 582--582
[] \TU/lmtt/m/n/10 $ tip.label  : chr [1:3] "Short-BeakedEchidna" "Long-BeakedE
chidna" "Platypus"[] 
 []

[31] [32]
File: bookdown-demo_files/figure-latex/unnamed-chunk-31-1.pdf Graphic file (typ
e pdf)
<use bookdown-demo_files/figure-latex/unnamed-chunk-31-1.pdf>
[33] [34]
Chapter 5.

Underfull \vbox (badness 1383) has occurred while \output is active []

[35

]
File: bookdown-demo_files/figure-latex/unnamed-chunk-39-1.pdf Graphic file (typ
e pdf)
<use bookdown-demo_files/figure-latex/unnamed-chunk-39-1.pdf>

Underfull \vbox (badness 10000) has occurred while \output is active []

[36]
File: bookdown-demo_files/figure-latex/unnamed-chunk-40-1.pdf Graphic file (typ
e pdf)
<use bookdown-demo_files/figure-latex/unnamed-chunk-40-1.pdf>
[37]
File: bookdown-demo_files/figure-latex/unnamed-chunk-41-1.pdf Graphic file (typ
e pdf)
<use bookdown-demo_files/figure-latex/unnamed-chunk-41-1.pdf>

Underfull \vbox (badness 10000) has occurred while \output is active []

[38] [39]
File: bookdown-demo_files/figure-latex/unnamed-chunk-44-1.pdf Graphic file (typ
e pdf)
<use bookdown-demo_files/figure-latex/unnamed-chunk-44-1.pdf>
File: bookdown-demo_files/figure-latex/unnamed-chunk-45-1.pdf Graphic file (typ
e pdf)
<use bookdown-demo_files/figure-latex/unnamed-chunk-45-1.pdf>

Underfull \vbox (badness 10000) has occurred while \output is active []

[40]
File: bookdown-demo_files/figure-latex/unnamed-chunk-46-1.pdf Graphic file (typ
e pdf)
<use bookdown-demo_files/figure-latex/unnamed-chunk-46-1.pdf>

Underfull \vbox (badness 10000) has occurred while \output is active []

[41] [42]
File: bookdown-demo_files/figure-latex/unnamed-chunk-49-1.pdf Graphic file (typ
e pdf)
<use bookdown-demo_files/figure-latex/unnamed-chunk-49-1.pdf>
File: bookdown-demo_files/figure-latex/unnamed-chunk-50-1.pdf Graphic file (typ
e pdf)
<use bookdown-demo_files/figure-latex/unnamed-chunk-50-1.pdf>

Underfull \vbox (badness 8019) has occurred while \output is active []

[43]
File: bookdown-demo_files/figure-latex/unnamed-chunk-51-1.pdf Graphic file (typ
e pdf)
<use bookdown-demo_files/figure-latex/unnamed-chunk-51-1.pdf>

Underfull \vbox (badness 10000) has occurred while \output is active []

[44]
File: bookdown-demo_files/figure-latex/unnamed-chunk-52-1.pdf Graphic file (typ
e pdf)
<use bookdown-demo_files/figure-latex/unnamed-chunk-52-1.pdf>

Underfull \vbox (badness 10000) has occurred while \output is active []

[45] [46]
File: bookdown-demo_files/figure-latex/unnamed-chunk-55-1.pdf Graphic file (typ
e pdf)
<use bookdown-demo_files/figure-latex/unnamed-chunk-55-1.pdf>
[47] [48]
Chapter 6.
File: bookdown-demo_files/figure-latex/unnamed-chunk-59-1.pdf Graphic file (typ
e pdf)
<use bookdown-demo_files/figure-latex/unnamed-chunk-59-1.pdf>

Underfull \vbox (badness 10000) has occurred while \output is active []

[49

] [50] [51]
File: bookdown-demo_files/figure-latex/unnamed-chunk-65-1.pdf Graphic file (typ
e pdf)
<use bookdown-demo_files/figure-latex/unnamed-chunk-65-1.pdf>

Underfull \vbox (badness 10000) has occurred while \output is active []

[52] [53] [54] [55] [56

]
Chapter 7.
[57]
File: bookdown-demo_files/figure-latex/unnamed-chunk-79-1.pdf Graphic file (typ
e pdf)
<use bookdown-demo_files/figure-latex/unnamed-chunk-79-1.pdf>

Underfull \vbox (badness 10000) has occurred while \output is active []

[58] [59]
File: bookdown-demo_files/figure-latex/unnamed-chunk-83-1.pdf Graphic file (typ
e pdf)
<use bookdown-demo_files/figure-latex/unnamed-chunk-83-1.pdf>

Underfull \vbox (badness 10000) has occurred while \output is active []

[60]
File: bookdown-demo_files/figure-latex/unnamed-chunk-84-1.pdf Graphic file (typ
e pdf)
<use bookdown-demo_files/figure-latex/unnamed-chunk-84-1.pdf>

Underfull \vbox (badness 10000) has occurred while \output is active []

[61] [62]
File: bookdown-demo_files/figure-latex/unnamed-chunk-85-1.pdf Graphic file (typ
e pdf)
<use bookdown-demo_files/figure-latex/unnamed-chunk-85-1.pdf>

Overfull \hbox (27.75pt too wide) in paragraph at lines 1340--1340
[]\TU/lmtt/m/n/10 Call: ace(x = macaques$swelling, phy = macaque.tree, type = "
discrete",[] 
 []

[63]
Overfull \hbox (64.5pt too wide) in paragraph at lines 1340--1340
[]\TU/lmtt/m/n/10 Scaled likelihoods at the root (type []...$lik.anc[] to get t
hem for all nodes):[] 
 []

File: bookdown-demo_files/figure-latex/unnamed-chunk-87-1.pdf Graphic file (typ
e pdf)
<use bookdown-demo_files/figure-latex/unnamed-chunk-87-1.pdf>

Underfull \vbox (badness 10000) has occurred while \output is active []

[64]
File: bookdown-demo_files/figure-latex/unnamed-chunk-88-1.pdf Graphic file (typ
e pdf)
<use bookdown-demo_files/figure-latex/unnamed-chunk-88-1.pdf>

Underfull \vbox (badness 10000) has occurred while \output is active []

[65] [66]
File: bookdown-demo_files/figure-latex/unnamed-chunk-89-1.pdf Graphic file (typ
e pdf)
<use bookdown-demo_files/figure-latex/unnamed-chunk-89-1.pdf>

Underfull \vbox (badness 2293) has occurred while \output is active []

[67]
Overfull \hbox (69.75pt too wide) in paragraph at lines 1426--1426
[]   \TU/lmtt/m/n/10 Macaca_arctoides   Macaca_assamensis     Macaca_cyclopis M
acaca_fascicularis[] 
 []


Overfull \hbox (69.75pt too wide) in paragraph at lines 1426--1426
[]                  \TU/lmtt/m/n/10 0                   0                   1  
                 1[] 
 []


Overfull \hbox (69.75pt too wide) in paragraph at lines 1426--1426
[]     \TU/lmtt/m/n/10 Macaca_fuscata        Macaca_maura      Macaca_mulatta  
 Macaca_nemestrina[] 
 []


Overfull \hbox (69.75pt too wide) in paragraph at lines 1426--1426
[]                  \TU/lmtt/m/n/10 1                   1                   1  
                 1[] 
 []


Overfull \hbox (69.75pt too wide) in paragraph at lines 1426--1426
[]       \TU/lmtt/m/n/10 Macaca_nigra      Macaca_radiata      Macaca_silenus  
     Macaca_sinica[] 
 []


Overfull \hbox (69.75pt too wide) in paragraph at lines 1426--1426
[]                  \TU/lmtt/m/n/10 1                   0                   1  
                 0[] 
 []


Overfull \hbox (69.75pt too wide) in paragraph at lines 1426--1426
[]    \TU/lmtt/m/n/10 Macaca_sylvanus    Macaca_thibetana     Macaca_tonkeana  
      Papio_anubis[] 
 []


Overfull \hbox (69.75pt too wide) in paragraph at lines 1426--1426
[]                  \TU/lmtt/m/n/10 1                   0                   1  
                 1[] 
 []


Overfull \hbox (75.0pt too wide) in paragraph at lines 1448--1448
[]\TU/lmtt/m/n/10 make.simmap is sampling character histories conditioned on th
e transition matrix[] 
 []

[68]
File: bookdown-demo_files/figure-latex/unnamed-chunk-94-1.pdf Graphic file (typ
e pdf)
<use bookdown-demo_files/figure-latex/unnamed-chunk-94-1.pdf>
[69]
Overfull \hbox (75.0pt too wide) in paragraph at lines 1497--1497
[]\TU/lmtt/m/n/10 make.simmap is sampling character histories conditioned on th
e transition matrix[] 
 []

[70]
File: bookdown-demo_files/figure-latex/unnamed-chunk-97-1.pdf Graphic file (typ
e pdf)
<use bookdown-demo_files/figure-latex/unnamed-chunk-97-1.pdf>

Underfull \vbox (badness 3769) has occurred while \output is active []

[71] [72] [73] [74] [75]
Overfull \hbox (75.0pt too wide) in paragraph at lines 1782--1782
[]\TU/lmtt/m/n/10 make.simmap is sampling character histories conditioned on th
e transition matrix[] 
 []


Overfull \hbox (6.75pt too wide) in paragraph at lines 1782--1782
[]                     \TU/lmtt/m/n/10 Dig a Burrow No Burrowing Use existing B
urrows[] 
 []


Overfull \hbox (6.75pt too wide) in paragraph at lines 1782--1782
[]\TU/lmtt/m/n/10 Dig a Burrow          -0.05640412   0.02820206           0.02
820206[] 
 []


Overfull \hbox (6.75pt too wide) in paragraph at lines 1782--1782
[]\TU/lmtt/m/n/10 No Burrowing           0.02820206  -0.05640412           0.02
820206[] 
 []


Overfull \hbox (6.75pt too wide) in paragraph at lines 1782--1782
[]\TU/lmtt/m/n/10 Use existing Burrows   0.02820206   0.02820206          -0.05
640412[] 
 []

File: bookdown-demo_files/figure-latex/unnamed-chunk-106-1.pdf Graphic file (ty
pe pdf)
<use bookdown-demo_files/figure-latex/unnamed-chunk-106-1.pdf>

Underfull \vbox (badness 10000) has occurred while \output is active []

[76]
Underfull \vbox (badness 10000) has occurred while \output is active []

[77]
Overfull \hbox (75.0pt too wide) in paragraph at lines 1819--1819
[]\TU/lmtt/m/n/10 make.simmap is sampling character histories conditioned on th
e transition matrix[] 
 []


Overfull \hbox (6.75pt too wide) in paragraph at lines 1819--1819
[]                     \TU/lmtt/m/n/10 Dig a Burrow No Burrowing Use existing B
urrows[] 
 []


Overfull \hbox (6.75pt too wide) in paragraph at lines 1819--1819
[]\TU/lmtt/m/n/10 Dig a Burrow          -0.05640412   0.02820206           0.02
820206[] 
 []


Overfull \hbox (6.75pt too wide) in paragraph at lines 1819--1819
[]\TU/lmtt/m/n/10 No Burrowing           0.02820206  -0.05640412           0.02
820206[] 
 []


Overfull \hbox (6.75pt too wide) in paragraph at lines 1819--1819
[]\TU/lmtt/m/n/10 Use existing Burrows   0.02820206   0.02820206          -0.05
640412[] 
 []


Overfull \hbox (33.0pt too wide) in paragraph at lines 1850--1850
[]     \TU/lmtt/m/n/10 Use existing Burrows,Dig a Burrow Use existing Burrows,N
o Burrowing[] 
 []


Overfull \hbox (33.0pt too wide) in paragraph at lines 1850--1850
[]\TU/lmtt/m/n/10 x->y                            12.265                       
       7.32[] 
 []

File: bookdown-demo_files/figure-latex/unnamed-chunk-108-1.pdf Graphic file (ty
pe pdf)
<use bookdown-demo_files/figure-latex/unnamed-chunk-108-1.pdf>

Underfull \vbox (badness 10000) has occurred while \output is active []

[78]
Underfull \vbox (badness 10000) has occurred while \output is active []

[79] [80]
Chapter 8.
[81

] [82]
Overfull \hbox (27.75pt too wide) in paragraph at lines 2025--2025
[]      \TU/lmtt/m/n/10 43       44       45       46       47       48       4
9       50[] 
 []


Overfull \hbox (27.75pt too wide) in paragraph at lines 2025--2025
[]\TU/lmtt/m/n/10 6.422936 7.205471 7.440591 7.465284 7.456463 7.511707 6.24877
4 6.097254[] 
 []


Overfull \hbox (27.75pt too wide) in paragraph at lines 2025--2025
[]      \TU/lmtt/m/n/10 51       52       53       54       55       56       5
7       58[] 
 []


Overfull \hbox (27.75pt too wide) in paragraph at lines 2025--2025
[]\TU/lmtt/m/n/10 6.044864 6.078069 5.983733 5.962172 5.641527 5.423179 5.25581
2 5.204571[] 
 []


Overfull \hbox (27.75pt too wide) in paragraph at lines 2025--2025
[]      \TU/lmtt/m/n/10 59       60       61       62       63       64       6
5       66[] 
 []


Overfull \hbox (27.75pt too wide) in paragraph at lines 2025--2025
[]\TU/lmtt/m/n/10 5.225028 5.260263 4.960018 4.901903 4.871755 4.888973 5.50347
1 5.567067[] 
 []


Overfull \hbox (27.75pt too wide) in paragraph at lines 2025--2025
[]      \TU/lmtt/m/n/10 67       68       69       70       71       72       7
3       74[] 
 []


Overfull \hbox (27.75pt too wide) in paragraph at lines 2025--2025
[]\TU/lmtt/m/n/10 5.710190 5.130854 4.989830 5.001555 4.960103 4.976035 5.03942
3 5.403331[] 
 []


Overfull \hbox (27.75pt too wide) in paragraph at lines 2025--2025
[]      \TU/lmtt/m/n/10 75       76       77       78       79       80       8
1       82[] 
 []


Overfull \hbox (27.75pt too wide) in paragraph at lines 2025--2025
[]\TU/lmtt/m/n/10 5.850745 4.870560 4.871380 4.883752 5.590679 5.292187 6.26747
6 5.540614[] 
 []

[83]
File: bookdown-demo_files/figure-latex/unnamed-chunk-118-1.pdf Graphic file (ty
pe pdf)
<use bookdown-demo_files/figure-latex/unnamed-chunk-118-1.pdf>

Underfull \vbox (badness 10000) has occurred while \output is active []

[84]
File: bookdown-demo_files/figure-latex/unnamed-chunk-119-1.pdf Graphic file (ty
pe pdf)
<use bookdown-demo_files/figure-latex/unnamed-chunk-119-1.pdf>

Underfull \vbox (badness 10000) has occurred while \output is active []

[85] [86] [87] [88] [89]
File: bookdown-demo_files/figure-latex/unnamed-chunk-127-1.pdf Graphic file (ty
pe pdf)
<use bookdown-demo_files/figure-latex/unnamed-chunk-127-1.pdf>
[90] [91]
File: bookdown-demo_files/figure-latex/unnamed-chunk-133-1.pdf Graphic file (ty
pe pdf)
<use bookdown-demo_files/figure-latex/unnamed-chunk-133-1.pdf>
[92]
File: bookdown-demo_files/figure-latex/unnamed-chunk-134-1.pdf Graphic file (ty
pe pdf)
<use bookdown-demo_files/figure-latex/unnamed-chunk-134-1.pdf>
[93] [94]
File: bookdown-demo_files/figure-latex/unnamed-chunk-139-1.pdf Graphic file (ty
pe pdf)
<use bookdown-demo_files/figure-latex/unnamed-chunk-139-1.pdf>

Underfull \vbox (badness 4132) has occurred while \output is active []

[95] [96]
File: bookdown-demo_files/figure-latex/unnamed-chunk-142-1.pdf Graphic file (ty
pe pdf)
<use bookdown-demo_files/figure-latex/unnamed-chunk-142-1.pdf>

Underfull \vbox (badness 10000) has occurred while \output is active []

[97] [98]
File: bookdown-demo_files/figure-latex/unnamed-chunk-143-1.pdf Graphic file (ty
pe pdf)
<use bookdown-demo_files/figure-latex/unnamed-chunk-143-1.pdf>

Underfull \vbox (badness 6125) has occurred while \output is active []

[99] [100]
Chapter 9.
File: bookdown-demo_files/figure-latex/unnamed-chunk-146-1.pdf Graphic file (ty
pe pdf)
<use bookdown-demo_files/figure-latex/unnamed-chunk-146-1.pdf>

Underfull \vbox (badness 2197) has occurred while \output is active []

[101

]
File: bookdown-demo_files/figure-latex/unnamed-chunk-147-1.pdf Graphic file (ty
pe pdf)
<use bookdown-demo_files/figure-latex/unnamed-chunk-147-1.pdf>
[102]
File: bookdown-demo_files/figure-latex/unnamed-chunk-149-1.pdf Graphic file (ty
pe pdf)
<use bookdown-demo_files/figure-latex/unnamed-chunk-149-1.pdf>

Underfull \vbox (badness 10000) has occurred while \output is active []

[103]
File: bookdown-demo_files/figure-latex/unnamed-chunk-150-1.pdf Graphic file (ty
pe pdf)
<use bookdown-demo_files/figure-latex/unnamed-chunk-150-1.pdf>

Underfull \vbox (badness 10000) has occurred while \output is active []

[104]
File: bookdown-demo_files/figure-latex/unnamed-chunk-151-1.pdf Graphic file (ty
pe pdf)
<use bookdown-demo_files/figure-latex/unnamed-chunk-151-1.pdf>

Underfull \vbox (badness 10000) has occurred while \output is active []

[105] [106]
Overfull \hbox (122.25pt too wide) in paragraph at lines 2646--2646
[]\TU/lmtt/m/n/10 Step 2: lnLik=-266.7389; aicc=543.8371; shift at node 141; mo
del=bd; cut=stem; # shifts=1[] 
 []

[107]
Overfull \hbox (75.0pt too wide) in paragraph at lines 2646--2646
[]\TU/lmtt/m/n/10 No significant increase in aicc score. Disregarding subsequen
t piecewise models.[] 
 []


Overfull \hbox (59.25pt too wide) in paragraph at lines 2646--2646
[]  \TU/lmtt/m/n/10 Model.ID Shift.Node Cut.At Model Ln.Lik.part        r     e
psilon     r.low[] 
 []


Overfull \hbox (59.25pt too wide) in paragraph at lines 2646--2646
[]\TU/lmtt/m/n/10 1        1         88   node    bd   -185.5379 0.076678 1.507
83e-08 0.0576867[] 
 []


Overfull \hbox (59.25pt too wide) in paragraph at lines 2646--2646
[]\TU/lmtt/m/n/10 2        2        141   stem    bd   -81.20097 0.232141 4.735
31e-06 0.1616522[] 
 []

File: bookdown-demo_files/figure-latex/unnamed-chunk-158-1.pdf Graphic file (ty
pe pdf)
<use bookdown-demo_files/figure-latex/unnamed-chunk-158-1.pdf>

Underfull \vbox (badness 10000) has occurred while \output is active []

[108]
Underfull \vbox (badness 10000) has occurred while \output is active []

[109]
File: bookdown-demo_files/figure-latex/unnamed-chunk-161-1.pdf Graphic file (ty
pe pdf)
<use bookdown-demo_files/figure-latex/unnamed-chunk-161-1.pdf>

Underfull \vbox (badness 10000) has occurred while \output is active []

[110]
File: bookdown-demo_files/figure-latex/unnamed-chunk-162-1.pdf Graphic file (ty
pe pdf)
<use bookdown-demo_files/figure-latex/unnamed-chunk-162-1.pdf>

Underfull \vbox (badness 10000) has occurred while \output is active []

[111]
Overfull \vbox (0.73528pt too high) detected at line 2715
 []

[112] [113] [114]
Overfull \hbox (53.46011pt too wide) in paragraph at lines 2825--2838
 [][] 
 []


Overfull \hbox (52.0101pt too wide) in paragraph at lines 2846--2859
 [][] 
 []

File: bookdown-demo_files/figure-latex/unnamed-chunk-174-1.pdf Graphic file (ty
pe pdf)
<use bookdown-demo_files/figure-latex/unnamed-chunk-174-1.pdf>

Underfull \vbox (badness 10000) has occurred while \output is active []

[115]
File: Images/Diversityplot.png Graphic file (type bmp)
<Images/Diversityplot.png>

Overfull \hbox (314.46349pt too wide) in paragraph at lines 2883--2883
 [] 
 []


Underfull \vbox (badness 10000) has occurred while \output is active []

[116]
Underfull \vbox (badness 6608) has occurred while \output is active []

[117] [118]
File: bookdown-demo_files/figure-latex/unnamed-chunk-183-1.pdf Graphic file (ty
pe pdf)
<use bookdown-demo_files/figure-latex/unnamed-chunk-183-1.pdf>

Underfull \vbox (badness 10000) has occurred while \output is active []

[119] [120]
File: bookdown-demo_files/figure-latex/unnamed-chunk-184-1.pdf Graphic file (ty
pe pdf)
<use bookdown-demo_files/figure-latex/unnamed-chunk-184-1.pdf>

Underfull \vbox (badness 3482) has occurred while \output is active []

[121]
File: bookdown-demo_files/figure-latex/unnamed-chunk-186-1.pdf Graphic file (ty
pe pdf)
<use bookdown-demo_files/figure-latex/unnamed-chunk-186-1.pdf>
File: bookdown-demo_files/figure-latex/unnamed-chunk-187-1.pdf Graphic file (ty
pe pdf)
<use bookdown-demo_files/figure-latex/unnamed-chunk-187-1.pdf>

Underfull \vbox (badness 10000) has occurred while \output is active []

[122] [123]
File: bookdown-demo_files/figure-latex/unnamed-chunk-189-1.pdf Graphic file (ty
pe pdf)
<use bookdown-demo_files/figure-latex/unnamed-chunk-189-1.pdf>
File: bookdown-demo_files/figure-latex/unnamed-chunk-190-1.pdf Graphic file (ty
pe pdf)
<use bookdown-demo_files/figure-latex/unnamed-chunk-190-1.pdf>

Underfull \vbox (badness 10000) has occurred while \output is active []

[124]
File: bookdown-demo_files/figure-latex/unnamed-chunk-191-1.pdf Graphic file (ty
pe pdf)
<use bookdown-demo_files/figure-latex/unnamed-chunk-191-1.pdf>

Underfull \vbox (badness 10000) has occurred while \output is active []

[125] [126]
Chapter 10.
[127

]
Overfull \hbox (16.16pt too wide) in paragraph at lines 3088--3089
[]\TU/lmr/m/n/10 We can extract the history of the traits evolution using \TU/
lmr/bx/n/10 history.from.sim.discrete\TU/lmr/m/n/10 .
 []

File: bookdown-demo_files/figure-latex/unnamed-chunk-194-1.pdf Graphic file (ty
pe pdf)
<use bookdown-demo_files/figure-latex/unnamed-chunk-194-1.pdf>

Underfull \vbox (badness 1342) has occurred while \output is active []

[128] [129]
File: bookdown-demo_files/figure-latex/unnamed-chunk-206-1.pdf Graphic file (ty
pe pdf)
<use bookdown-demo_files/figure-latex/unnamed-chunk-206-1.pdf>
[130] [131]
Overfull \hbox (7.21pt too wide) in paragraph at lines 3273--3274
[]\TU/lmr/m/n/10 We can extract the history of the simulated trait with \TU/lmr
/bx/n/10 history.from.sim.discrete
 []

File: bookdown-demo_files/figure-latex/unnamed-chunk-209-1.pdf Graphic file (ty
pe pdf)
<use bookdown-demo_files/figure-latex/unnamed-chunk-209-1.pdf>
[132] [133]
File: bookdown-demo_files/figure-latex/unnamed-chunk-218-1.pdf Graphic file (ty
pe pdf)
<use bookdown-demo_files/figure-latex/unnamed-chunk-218-1.pdf>
[134]
Overfull \hbox (48.75pt too wide) in paragraph at lines 3451--3451
[]\TU/lmtt/m/n/10 [1] "l.y0"      "l.y1"      "l.xmid"    "l.r"       "m.c"    
   "diffusion"[] 
 []

[135] [136] [137]
File: bookdown-demo_files/figure-latex/unnamed-chunk-247-1.pdf Graphic file (ty
pe pdf)
<use bookdown-demo_files/figure-latex/unnamed-chunk-247-1.pdf>
[138]
Overfull \hbox (122.25pt too wide) in paragraph at lines 3734--3734
[]\TU/lmtt/m/n/10 Step 2: lnLik=-678.3882; aicc=1366.907; shift at node 386; mo
del=bd; cut=node; # shifts=1[] 
 []


Overfull \hbox (75.0pt too wide) in paragraph at lines 3734--3734
[]\TU/lmtt/m/n/10 No significant increase in aicc score. Disregarding subsequen
t piecewise models.[] 
 []


Overfull \hbox (54.0pt too wide) in paragraph at lines 3734--3734
[]  \TU/lmtt/m/n/10 Model.ID Shift.Node Cut.At Model Ln.Lik.part         r   ep
silon     r.low[] 
 []


Overfull \hbox (54.0pt too wide) in paragraph at lines 3734--3734
[]\TU/lmtt/m/n/10 1        1        234   node    bd   -491.4083 0.0756587 0.44
97380 0.0627243[] 
 []


Overfull \hbox (54.0pt too wide) in paragraph at lines 3734--3734
[]\TU/lmtt/m/n/10 2        2        386   node    bd   -186.9799 0.2446490 0.07
45145 0.1937557[] 
 []

[139]
File: bookdown-demo_files/figure-latex/unnamed-chunk-248-1.pdf Graphic file (ty
pe pdf)
<use bookdown-demo_files/figure-latex/unnamed-chunk-248-1.pdf>

Overfull \hbox (6.75pt too wide) in paragraph at lines 3767--3767
[]\TU/lmtt/m/n/10 [1] "l.c.1"       "m.c.1"       "drift.1"     "diffusion.1" "
l.c.2"[] 
 []

[140]
Overfull \hbox (6.75pt too wide) in paragraph at lines 3783--3783
[]\TU/lmtt/m/n/10 [1] "l.c.1"       "m.c.1"       "diffusion.1" "l.c.2"       "
m.c.2"[] 
 []

[141]
Overfull \hbox (59.25pt too wide) in paragraph at lines 3887--3887
[]       \TU/lmtt/m/n/10 l.c.1        m.c.1  diffusion.1        l.c.2        l.
m.2        m.c.2[] 
 []


Overfull \hbox (59.25pt too wide) in paragraph at lines 3887--3887
[] \TU/lmtt/m/n/10 0.141392843  0.068877966  0.031964900  1.972507892 -0.193181
732  0.005147044[] 
 []

[142]
Chapter 11.

Overfull \hbox (48.75pt too wide) in paragraph at lines 3909--3909
[]\TU/lmtt/m/n/10 [1] "Order"           "Family"          "Binomial"        "Ad
ultBodyMass_g"[] 
 []


Overfull \hbox (48.75pt too wide) in paragraph at lines 3909--3909
[]\TU/lmtt/m/n/10 [5] "GestationLen_d"  "HomeRange_km2"   "MaxLongevity_m"  "So
cialGroupSize"[] 
 []

[143

]
Overfull \hbox (43.5pt too wide) in paragraph at lines 3950--3950
[]\TU/lmtt/m/n/10 lm(formula = GestationLen_d ~ log10(AdultBodyMass_g), data = 
primate.data)[] 
 []

File: bookdown-demo_files/figure-latex/unnamed-chunk-266-1.pdf Graphic file (ty
pe pdf)
<use bookdown-demo_files/figure-latex/unnamed-chunk-266-1.pdf>

Underfull \vbox (badness 10000) has occurred while \output is active []

[144] [145]
File: bookdown-demo_files/figure-latex/unnamed-chunk-267-1.pdf Graphic file (ty
pe pdf)
<use bookdown-demo_files/figure-latex/unnamed-chunk-267-1.pdf>
[146]
Overfull \hbox (75.0pt too wide) in paragraph at lines 4024--4024
[]\TU/lmtt/m/n/10 Warning in comparative.data(phy = primate.tree, data = primat
e.data, names.col =[] 
 []


Overfull \hbox (17.25pt too wide) in paragraph at lines 4065--4065
[]  \TU/lmtt/m/n/10 ..$ edge       : int [1:163, 1:2] 84 85 86 87 88 89 90 91 9
2 93 ...[] 
 []


Overfull \hbox (332.25pt too wide) in paragraph at lines 4065--4065
[]  \TU/lmtt/m/n/10 ..$ tip.label  : chr [1:83] "Cercopithecus_ascanius" "Cerco
pithecus_cephus" "Cercopithecus_mitis" "Cercopithecus_neglectus" ...[] 
 []


Overfull \hbox (54.0pt too wide) in paragraph at lines 4065--4065
[]  \TU/lmtt/m/n/10 ..$ Order          : Factor w/ 1 level "Primates": 1 1 1 1 
1 1 1 1 1 1 ...[] 
 []


Overfull \hbox (132.75pt too wide) in paragraph at lines 4065--4065
[]  \TU/lmtt/m/n/10 ..$ Family         : Factor w/ 15 levels "Aotidae","Atelida
e",..: 4 4 4 4 4 4 4 5 5 6 ...[] 
 []


Overfull \hbox (17.25pt too wide) in paragraph at lines 4065--4065
[]  \TU/lmtt/m/n/10 ..$ SocialGroupSize: num [1:83] 26.3 11 16 4.5 16 28 91.2 1
 1 1 ...[] 
 []


Overfull \hbox (463.5pt too wide) in paragraph at lines 4065--4065
[]  \TU/lmtt/m/n/10 ..$ tips          : chr [1:143] "Allenopithecus_nigroviridi
s" "Cercopithecus_cephus_cephus" "Cercopithecus_cephus_ngottoensis" "Cercopithe
cus_diana" ...[] 
 []

[147]
Overfull \hbox (337.5pt too wide) in paragraph at lines 4065--4065
[]  \TU/lmtt/m/n/10 ..$ unmatched.rows: chr [1:8] "Cercopithecus_campbelli" "Ce
rcopithecus_pogonias" "Chiropotes_albinasus" "Chiropotes_satanas" ...[] 
 []


Overfull \hbox (290.25pt too wide) in paragraph at lines 4065--4065
[]  \TU/lmtt/m/n/10 .. ..$ : chr [1:83] "Cercopithecus_ascanius" "Cercopithecus
_cephus" "Cercopithecus_mitis" "Cercopithecus_neglectus" ...[] 
 []


Overfull \hbox (290.25pt too wide) in paragraph at lines 4065--4065
[]  \TU/lmtt/m/n/10 .. ..$ : chr [1:83] "Cercopithecus_ascanius" "Cercopithecus
_cephus" "Cercopithecus_mitis" "Cercopithecus_neglectus" ...[] 
 []


Overfull \hbox (38.25pt too wide) in paragraph at lines 4107--4107
[]\TU/lmtt/m/n/10 pgls(formula = log10(GestationLen_d) ~ 1, data = primates, la
mbda = "ML")[] 
 []

[148]
File: bookdown-demo_files/figure-latex/unnamed-chunk-274-1.pdf Graphic file (ty
pe pdf)
<use bookdown-demo_files/figure-latex/unnamed-chunk-274-1.pdf>

Underfull \vbox (badness 10000) has occurred while \output is active []

[149]
Overfull \hbox (33.0pt too wide) in paragraph at lines 4167--4167
[]\TU/lmtt/m/n/10 pgls(formula = GestationLen_d ~ log10(AdultBodyMass_g), data 
= primates,[] 
 []

[150]
File: bookdown-demo_files/figure-latex/unnamed-chunk-277-1.pdf Graphic file (ty
pe pdf)
<use bookdown-demo_files/figure-latex/unnamed-chunk-277-1.pdf>

Underfull \vbox (badness 10000) has occurred while \output is active []

[151]
File: bookdown-demo_files/figure-latex/unnamed-chunk-278-1.pdf Graphic file (ty
pe pdf)
<use bookdown-demo_files/figure-latex/unnamed-chunk-278-1.pdf>

Underfull \vbox (badness 10000) has occurred while \output is active []

[152] [153]
Overfull \hbox (90.75pt too wide) in paragraph at lines 4278--4278
[]\TU/lmtt/m/n/10 pgls(formula = GestationLen_d ~ log10(AdultBodyMass_g), data 
= primates.nooutliers,[] 
 []

[154]
File: bookdown-demo_files/figure-latex/unnamed-chunk-284-1.pdf Graphic file (ty
pe pdf)
<use bookdown-demo_files/figure-latex/unnamed-chunk-284-1.pdf>
[155]
File: Images/mouselemur.jpg Graphic file (type bmp)
<Images/mouselemur.jpg>

Overfull \hbox (207.06114pt too wide) in paragraph at lines 4324--4324
 [] 
 []


Underfull \vbox (badness 10000) has occurred while \output is active []

[156] [157] [158

]
Chapter 12.

Overfull \hbox (48.75pt too wide) in paragraph at lines 4345--4345
[]\TU/lmtt/m/n/10 [1] "Order"           "Family"          "Binomial"        "Ad
ultBodyMass_g"[] 
 []


Overfull \hbox (48.75pt too wide) in paragraph at lines 4345--4345
[]\TU/lmtt/m/n/10 [5] "GestationLen_d"  "HomeRange_km2"   "MaxLongevity_m"  "So
cialGroupSize"[] 
 []

[159]
Overfull \hbox (12.0pt too wide) in paragraph at lines 4415--4415
[]\TU/lmtt/m/n/10 pgls(formula = log.lifespan ~ log.mass + log.gestation + log.
range +[] 
 []

[160]
File: bookdown-demo_files/figure-latex/unnamed-chunk-292-1.pdf Graphic file (ty
pe pdf)
<use bookdown-demo_files/figure-latex/unnamed-chunk-292-1.pdf>
[161]
Overfull \hbox (12.0pt too wide) in paragraph at lines 4512--4512
[]\TU/lmtt/m/n/10 pgls(formula = log.lifespan ~ log.mass + log.range, data = pr
imates,[] 
 []

[162]
File: bookdown-demo_files/figure-latex/unnamed-chunk-295-1.pdf Graphic file (ty
pe pdf)
<use bookdown-demo_files/figure-latex/unnamed-chunk-295-1.pdf>

Underfull \vbox (badness 10000) has occurred while \output is active []

[163] [164]
File: Images/Dunbar07.jpg Graphic file (type bmp)
<Images/Dunbar07.jpg>
File: Images/DAG1.png Graphic file (type bmp)
<Images/DAG1.png>
[165] [166] [167]
File: bookdown-demo_files/figure-latex/unnamed-chunk-304-1.pdf Graphic file (ty
pe pdf)
<use bookdown-demo_files/figure-latex/unnamed-chunk-304-1.pdf>
[168]
File: bookdown-demo_files/figure-latex/unnamed-chunk-305-1.pdf Graphic file (ty
pe pdf)
<use bookdown-demo_files/figure-latex/unnamed-chunk-305-1.pdf>
[169]
File: bookdown-demo_files/figure-latex/unnamed-chunk-307-1.pdf Graphic file (ty
pe pdf)
<use bookdown-demo_files/figure-latex/unnamed-chunk-307-1.pdf>

Underfull \vbox (badness 10000) has occurred while \output is active []

[170]
Underfull \vbox (badness 10000) has occurred while \output is active []

[171]
Overfull \hbox (38.25pt too wide) in paragraph at lines 4717--4717
[] \TU/lmtt/m/n/10 Evaluated for these models: one two three four five six seve
n eight nine[] 
 []

File: bookdown-demo_files/figure-latex/unnamed-chunk-311-1.pdf Graphic file (ty
pe pdf)
<use bookdown-demo_files/figure-latex/unnamed-chunk-311-1.pdf>

Underfull \vbox (badness 7379) has occurred while \output is active []

[172]
File: bookdown-demo_files/figure-latex/unnamed-chunk-312-1.pdf Graphic file (ty
pe pdf)
<use bookdown-demo_files/figure-latex/unnamed-chunk-312-1.pdf>

Underfull \vbox (badness 10000) has occurred while \output is active []

[173]
File: bookdown-demo_files/figure-latex/unnamed-chunk-313-1.pdf Graphic file (ty
pe pdf)
<use bookdown-demo_files/figure-latex/unnamed-chunk-313-1.pdf>

Underfull \vbox (badness 10000) has occurred while \output is active []

[174]
File: Images/monkey.png Graphic file (type bmp)
<Images/monkey.png>

Overfull \hbox (5.24414pt too wide) in paragraph at lines 4779--4779
 [] 
 []


Underfull \vbox (badness 10000) has occurred while \output is active []

[175] [176]
Chapter 13.
File: bookdown-demo_files/figure-latex/unnamed-chunk-316-1.pdf Graphic file (ty
pe pdf)
<use bookdown-demo_files/figure-latex/unnamed-chunk-316-1.pdf>

Underfull \vbox (badness 10000) has occurred while \output is active []

[177

] [178] [179]
File: bookdown-demo_files/figure-latex/unnamed-chunk-321-1.pdf Graphic file (ty
pe pdf)
<use bookdown-demo_files/figure-latex/unnamed-chunk-321-1.pdf>
[180]
Overfull \hbox (6.75pt too wide) in paragraph at lines 4899--4899
[] \TU/lmtt/m/n/10 [5] "shifts"        "n_regimes"     "alpha"         "phylhal
flife"[] 
 []


Overfull \hbox (43.5pt too wide) in paragraph at lines 4939--4939
[]             \TU/lmtt/m/n/10 k         kprime         deltak              c  
  kprime_conv[] 
 []


Overfull \hbox (43.5pt too wide) in paragraph at lines 4939--4939
[]             \TU/lmtt/m/n/10 6              3              3              5  
            2[] 
 []


Underfull \vbox (badness 2253) has occurred while \output is active []

[181]
File: bookdown-demo_files/figure-latex/unnamed-chunk-328-1.pdf Graphic file (ty
pe pdf)
<use bookdown-demo_files/figure-latex/unnamed-chunk-328-1.pdf>
[182]
File: bookdown-demo_files/figure-latex/unnamed-chunk-329-1.pdf Graphic file (ty
pe pdf)
<use bookdown-demo_files/figure-latex/unnamed-chunk-329-1.pdf>
[183]
File: bookdown-demo_files/figure-latex/unnamed-chunk-331-1.pdf Graphic file (ty
pe pdf)
<use bookdown-demo_files/figure-latex/unnamed-chunk-331-1.pdf>

Underfull \vbox (badness 10000) has occurred while \output is active []

[184]
File: bookdown-demo_files/figure-latex/unnamed-chunk-332-1.pdf Graphic file (ty
pe pdf)
<use bookdown-demo_files/figure-latex/unnamed-chunk-332-1.pdf>

Underfull \vbox (badness 10000) has occurred while \output is active []

[185]
File: bookdown-demo_files/figure-latex/unnamed-chunk-333-1.pdf Graphic file (ty
pe pdf)
<use bookdown-demo_files/figure-latex/unnamed-chunk-333-1.pdf>

Underfull \vbox (badness 10000) has occurred while \output is active []

[186]
File: bookdown-demo_files/figure-latex/unnamed-chunk-334-1.pdf Graphic file (ty
pe pdf)
<use bookdown-demo_files/figure-latex/unnamed-chunk-334-1.pdf>

Underfull \vbox (badness 10000) has occurred while \output is active []

[187] [188]
File: bookdown-demo_files/figure-latex/unnamed-chunk-336-1.pdf Graphic file (ty
pe pdf)
<use bookdown-demo_files/figure-latex/unnamed-chunk-336-1.pdf>
[189] [190]
Chapter 14.
(./bookdown-demo.bbl [191

] [192

] [193]
Underfull \hbox (badness 2591) in paragraph at lines 79--85
[]\TU/lmr/m/n/10 R. G. Fitzjohn.  Quantitative traits and diversification.  \TU
/lmr/m/it/10 Systematic
 []


Underfull \hbox (badness 3396) in paragraph at lines 79--85
\TU/lmr/m/it/10 Biology\TU/lmr/m/n/10 , 59(6):619633, 2010.  doi: $[] [] [] []
 [] [] [] [] [] [] [] [] [] [] [] [] [] [] [] [] []$.  URL
 []


Underfull \hbox (badness 10000) in paragraph at lines 79--85
[]$[] [] [] [] [] [] [] [] [] [] [] [] [] [] [] [] [] [] [] [] [] [] [] [] [] [
] [] [] [] [] [] [] [] [] [] [] [] [] [] [] [] [] [] [] [][] [] [] [] [] [] [] 
[] [] [] [] [] [] [] [] [] [] [] [] [] [] [] [] [] [] [] [] []
 []


Underfull \hbox (badness 10000) in paragraph at lines 79--85
[] [] [] [] [] [] [][] [] [] [] [] [] [] [] [] [] [] [] [] [] [] [] [] [] [] []
 [] [] [] [] [] [] [] [] [] [] [] [] [][] [][] [] [] [][] [][] [] [] [] [] [] [
] [] [] [] [] [][] [] [] [] [] [] [] [] [] [][]
 []


Underfull \hbox (badness 10000) in paragraph at lines 136--142
\TU/lmr/m/n/10 URL []$[] [] [] [] [] [] [] [] [] [] [] [] [] [] [] [] [] [] [] 
[] [] [] [] [] [] [] [] [] [] [] [] [] [] [] [] [] [] [] [] [] [] [] [] [] [][]
 [] [] [] [] [] [] [] [] [] [] [] [] [] [] [] [] [] [] [] [] []
 []


Underfull \hbox (badness 10000) in paragraph at lines 136--142
[] [] [] [] [] [] [] [] [] [] [] [] [][] [] [] [] [] [] [] [] [] [] [] [] [] []
 [] [] [] [] [] [] [] [] [] [] [] [] [] [] [] [] [] [] [] [] [] [] [] [] [] [] 
[] [] [][] [] [] [] [] [] [] [] [] [][]
 []

[194]
Underfull \hbox (badness 10000) in paragraph at lines 173--179
[] [] [] [] [] [] [] [] [] [] [] [] [] [] [] [] [][] [] [] [] [] [] [] [] [] []
 [] [] [] [] [] [] [] [] [] [] [] [] [] [] [] [] [] [] [] [] [] [] [] [] [] [] 
[] [] [] [] [] [] [] [] [] [] [] [] [] [][]
 []


Underfull \hbox (badness 10000) in paragraph at lines 231--238
[][] [] [] [] [] [] [] [] [] [] [] [] [] [] [] [] [] [] [] [] [] [] [] [] [] []
 [] [] [] [] [] [] [] [] [][] [] [] [] [] [] [] [] [] [] [] [] [] [] [] [] [] [
] [] [] [] [] [] [] [] [] [] [] [] [] [] []
 []

[195] [196]
Underfull \hbox (badness 10000) in paragraph at lines 382--388
[] [] [] [] [] [] [] [] [] [] [] [] [] [] [] [] [][] [] [] [] [] [] [] [] [] []
 [] [] [] [] [] [] [] [] [] [] [] [] [] [] [] [] [] [] [] [] [] [] [] [] [] [] 
[] [] [] [] [][] [] [] [] [] [] [] [] [] [][]
 []

[197])

Package natbib Warning: There were undefined citations.

Package atveryend Info: Empty hook `BeforeClearDocument' on input line 5068.
[198]
Package atveryend Info: Empty hook `AfterLastShipout' on input line 5068.
(./bookdown-demo.aux)
Package atveryend Info: Empty hook `AtVeryEndDocument' on input line 5068.
Package atveryend Info: Empty hook `AtEndAfterFileList' on input line 5068.
Package atveryend Info: Empty hook `AtVeryVeryEnd' on input line 5068.
 ) 
Here is how much of TeX's memory you used:
 27790 strings out of 492970
 508157 string characters out of 6133938
 722649 words of memory out of 5000000
 31422 multiletter control sequences out of 15000+600000
 538699 words of font info for 80 fonts, out of 8000000 for 9000
 1348 hyphenation exceptions out of 8191
 58i,8n,117p,1167b,705s stack positions out of 5000i,500n,10000p,200000b,80000s

Output written on bookdown-demo.pdf (198 pages).
